#
# There is insufficient memory for the Java Runtime Environment to continue.
# Native memory allocation (mmap) failed to map 45088768 bytes for Failed to commit area from 0x000000008b400000 to 0x000000008df00000 of length 45088768.
# Possible reasons:
#   The system is out of physical RAM or swap space
#   The process is running with CompressedOops enabled, and the Java Heap may be blocking the growth of the native heap
# Possible solutions:
#   Reduce memory load on the system
#   Increase physical memory or swap space
#   Check if swap backing store is full
#   Decrease Java heap size (-Xmx/-Xms)
#   Decrease number of Java threads
#   Decrease Java thread stack sizes (-Xss)
#   Set larger code cache with -XX:ReservedCodeCacheSize=
#   JVM is running with Unscaled Compressed Oops mode in which the Java heap is
#     placed in the first 4GB address space. The Java Heap base address is the
#     maximum limit for the native heap growth. Please use -XX:HeapBaseMinAddress
#     to set the Java Heap base and to place the Java Heap above 4GB virtual address.
# This output file may be truncated or incomplete.
#
#  Out of Memory Error (./src/hotspot/os/windows/os_windows.cpp:3521), pid=3720, tid=5268
#
# JRE version: OpenJDK Runtime Environment (11.0.12+7) (build 11.0.12+7-b1504.28-7817840)
# Java VM: OpenJDK 64-Bit Server VM (11.0.12+7-b1504.28-7817840, mixed mode, tiered, compressed oops, g1 gc, windows-amd64)
# No core dump will be written. Minidumps are not enabled by default on client versions of Windows
#

---------------  S U M M A R Y ------------

Command Line: org.jetbrains.kotlin.cli.jvm.K2JVMCompiler @D:\Users\lovess\AndroidStudioProjects\NewsApppp 1.1\app\build\20220630_13766883524812841932.compiler.options

Host: Intel(R) Core(TM) i5-4210U CPU @ 1.70GHz, 4 cores, 7G,  Windows 10 , 64 bit Build 19041 (10.0.19041.1348)
Time: Thu Jun 30 12:10:53 2022 Финляндия (лето) elapsed time: 17.569369 seconds (0d 0h 0m 17s)

---------------  T H R E A D  ---------------

Current thread (0x0000022dfc970800):  VMThread "VM Thread" [stack: 0x0000005bef100000,0x0000005bef200000] [id=5268]

Stack: [0x0000005bef100000,0x0000005bef200000]
[error occurred during error reporting (printing stack bounds), id 0xc0000005, EXCEPTION_ACCESS_VIOLATION (0xc0000005) at pc=0x0000022de61d112d]

Native frames: (J=compiled Java code, j=interpreted, Vv=VM code, C=native code)
V  [jvm.dll+0x5fbcea]
V  [jvm.dll+0x731905]
V  [jvm.dll+0x732f1d]
V  [jvm.dll+0x733535]
V  [jvm.dll+0x7334eb]
V  [jvm.dll+0x5fb080]
V  [jvm.dll+0x5fb818]
C  [ntdll.dll+0xa20cf]
C  [ntdll.dll+0x51454]
C  [ntdll.dll+0xa0bfe]
C  0x0000022de61d112d

VM_Operation (0x0000005beebfbe80): G1CollectForAllocation, mode: safepoint, requested by thread 0x0000022de0ee9000


---------------  P R O C E S S  ---------------

Threads class SMR info:
_java_thread_list=0x0000022d824e4bc0, length=11, elements={
0x0000022de0ee9000, 0x0000022dfc998800, 0x0000022dfc99a800, 0x0000022dfd343800,
0x0000022dfc9b6000, 0x0000022dfc9b7000, 0x0000022dfc9bb800, 0x0000022dfc9c0800,
0x0000022dfc9ca800, 0x0000022dfd4a8000, 0x0000022d824ed000
}

Java Threads: ( => current thread )
  0x0000022de0ee9000 JavaThread "main" [_thread_blocked, id=3736, stack(0x0000005beeb00000,0x0000005beec00000)]
  0x0000022dfc998800 JavaThread "Reference Handler" daemon [_thread_blocked, id=5060, stack(0x0000005bef200000,0x0000005bef300000)]
  0x0000022dfc99a800 JavaThread "Finalizer" daemon [_thread_blocked, id=4320, stack(0x0000005bef300000,0x0000005bef400000)]
  0x0000022dfd343800 JavaThread "Signal Dispatcher" daemon [_thread_blocked, id=5908, stack(0x0000005bef400000,0x0000005bef500000)]
  0x0000022dfc9b6000 JavaThread "Attach Listener" daemon [_thread_blocked, id=4508, stack(0x0000005bef500000,0x0000005bef600000)]
  0x0000022dfc9b7000 JavaThread "Service Thread" daemon [_thread_blocked, id=7988, stack(0x0000005bef600000,0x0000005bef700000)]
  0x0000022dfc9bb800 JavaThread "C2 CompilerThread0" daemon [_thread_blocked, id=4556, stack(0x0000005bef700000,0x0000005bef800000)]
  0x0000022dfc9c0800 JavaThread "C1 CompilerThread0" daemon [_thread_blocked, id=540, stack(0x0000005bef800000,0x0000005bef900000)]
  0x0000022dfc9ca800 JavaThread "Sweeper thread" daemon [_thread_blocked, id=3292, stack(0x0000005bef900000,0x0000005befa00000)]
  0x0000022dfd4a8000 JavaThread "Common-Cleaner" daemon [_thread_blocked, id=2872, stack(0x0000005befb00000,0x0000005befc00000)]
  0x0000022d824ed000 JavaThread "C2 CompilerThread1" daemon [_thread_blocked, id=6580, stack(0x0000005befc00000,0x0000005befd00000)]

Other Threads:
=>0x0000022dfc970800 VMThread "VM Thread" [stack: 0x0000005bef100000,0x0000005bef200000] [id=5268]
  0x0000022dfd48d800 WatcherThread [stack: 0x0000005befa00000,0x0000005befb00000] [id=4312]
  0x0000022de0f03000 GCTaskThread "GC Thread#0" [stack: 0x0000005beec00000,0x0000005beed00000] [id=8088]
  0x0000022dfd84a000 GCTaskThread "GC Thread#1" [stack: 0x0000005befd00000,0x0000005befe00000] [id=4796]
  0x0000022dfd84a800 GCTaskThread "GC Thread#2" [stack: 0x0000005befe00000,0x0000005beff00000] [id=1300]
  0x0000022de0f32000 ConcurrentGCThread "G1 Main Marker" [stack: 0x0000005beed00000,0x0000005beee00000] [id=7384]
  0x0000022de0f33800 ConcurrentGCThread "G1 Conc#0" [stack: 0x0000005beee00000,0x0000005beef00000] [id=5108]
  0x0000022de0fc5800 ConcurrentGCThread "G1 Refine#0" [stack: 0x0000005beef00000,0x0000005bef000000] [id=6084]
  0x0000022d812fc000 ConcurrentGCThread "G1 Refine#1" [stack: 0x0000005beff00000,0x0000005bf0000000] [id=1244]
  0x0000022de0fc7800 ConcurrentGCThread "G1 Young RemSet Sampling" [stack: 0x0000005bef000000,0x0000005bef100000] [id=2308]

Threads with active compile tasks:
C2 CompilerThread0  19054 11234       4       org.jetbrains.kotlin.backend.common.serialization.signature.IdSignatureBuilder::build (399 bytes)
C2 CompilerThread1  19054 11141       4       org.jetbrains.kotlin.cli.jvm.index.JvmDependenciesIndexImpl::search (379 bytes)

VM state:at safepoint (normal execution)

VM Mutex/Monitor currently owned by a thread:  ([mutex/lock_event])
[0x0000022de0ee5ad0] Threads_lock - owner thread: 0x0000022dfc970800
[0x0000022de0ee6070] Heap_lock - owner thread: 0x0000022de0ee9000

Heap address: 0x0000000081600000, size: 2026 MB, Compressed Oops mode: 32-bit
Narrow klass base: 0x0000000000000000, Narrow klass shift: 3
Compressed class space size: 1073741824 Address: 0x0000000100000000

Heap:
 garbage-first heap   total 205824K, used 63488K [0x0000000081600000, 0x0000000100000000)
  region size 1024K, 6 young (6144K), 6 survivors (6144K)
 Metaspace       used 75348K, capacity 76254K, committed 76464K, reserved 1118208K
  class space    used 8329K, capacity 8692K, committed 8704K, reserved 1048576K
Heap Regions: E=young(eden), S=young(survivor), O=old, HS=humongous(starts), HC=humongous(continues), CS=collection set, F=free, A=archive, TAMS=top-at-mark-start (previous, next)
|   0|0x0000000081600000, 0x0000000081700000, 0x0000000081700000|100%|HS|  |TAMS 0x0000000081700000, 0x0000000081600000| Complete 
|   1|0x0000000081700000, 0x0000000081800000, 0x0000000081800000|100%|HC|  |TAMS 0x0000000081800000, 0x0000000081700000| Complete 
|   2|0x0000000081800000, 0x0000000081900000, 0x0000000081900000|100%|HC|  |TAMS 0x0000000081900000, 0x0000000081800000| Complete 
|   3|0x0000000081900000, 0x0000000081a00000, 0x0000000081a00000|100%| O|  |TAMS 0x0000000081a00000, 0x0000000081900000| Untracked 
|   4|0x0000000081a00000, 0x0000000081b00000, 0x0000000081b00000|100%| O|  |TAMS 0x0000000081b00000, 0x0000000081a00000| Untracked 
|   5|0x0000000081b00000, 0x0000000081c00000, 0x0000000081c00000|100%|HS|  |TAMS 0x0000000081c00000, 0x0000000081b00000| Complete 
|   6|0x0000000081c00000, 0x0000000081d00000, 0x0000000081d00000|100%|HC|  |TAMS 0x0000000081d00000, 0x0000000081c00000| Complete 
|   7|0x0000000081d00000, 0x0000000081e00000, 0x0000000081e00000|100%|HC|  |TAMS 0x0000000081e00000, 0x0000000081d00000| Complete 
|   8|0x0000000081e00000, 0x0000000081f00000, 0x0000000081f00000|100%|HS|  |TAMS 0x0000000081e00000, 0x0000000081e00000| Complete 
|   9|0x0000000081f00000, 0x0000000082000000, 0x0000000082000000|100%|HC|  |TAMS 0x0000000081f00000, 0x0000000081f00000| Complete 
|  10|0x0000000082000000, 0x0000000082100000, 0x0000000082100000|100%| O|  |TAMS 0x0000000082100000, 0x0000000082000000| Untracked 
|  11|0x0000000082100000, 0x0000000082200000, 0x0000000082200000|100%| O|  |TAMS 0x0000000082200000, 0x0000000082100000| Untracked 
|  12|0x0000000082200000, 0x0000000082300000, 0x0000000082300000|100%| O|  |TAMS 0x0000000082300000, 0x0000000082200000| Untracked 
|  13|0x0000000082300000, 0x0000000082400000, 0x0000000082400000|100%| O|  |TAMS 0x0000000082400000, 0x0000000082300000| Untracked 
|  14|0x0000000082400000, 0x0000000082500000, 0x0000000082500000|100%| O|  |TAMS 0x0000000082500000, 0x0000000082400000| Untracked 
|  15|0x0000000082500000, 0x0000000082600000, 0x0000000082600000|100%| O|  |TAMS 0x0000000082600000, 0x0000000082500000| Untracked 
|  16|0x0000000082600000, 0x0000000082700000, 0x0000000082700000|100%| O|  |TAMS 0x0000000082700000, 0x0000000082600000| Untracked 
|  17|0x0000000082700000, 0x0000000082800000, 0x0000000082800000|100%| O|  |TAMS 0x0000000082800000, 0x0000000082700000| Untracked 
|  18|0x0000000082800000, 0x0000000082900000, 0x0000000082900000|100%| O|  |TAMS 0x0000000082900000, 0x0000000082800000| Untracked 
|  19|0x0000000082900000, 0x0000000082a00000, 0x0000000082a00000|100%| O|  |TAMS 0x0000000082a00000, 0x0000000082900000| Untracked 
|  20|0x0000000082a00000, 0x0000000082b00000, 0x0000000082b00000|100%| O|  |TAMS 0x0000000082a00000, 0x0000000082a00000| Untracked 
|  21|0x0000000082b00000, 0x0000000082c00000, 0x0000000082c00000|100%| O|  |TAMS 0x0000000082b00000, 0x0000000082b00000| Untracked 
|  22|0x0000000082c00000, 0x0000000082d00000, 0x0000000082d00000|100%| O|  |TAMS 0x0000000082c00000, 0x0000000082c00000| Untracked 
|  23|0x0000000082d00000, 0x0000000082e00000, 0x0000000082e00000|100%| O|  |TAMS 0x0000000082d00000, 0x0000000082d00000| Untracked 
|  24|0x0000000082e00000, 0x0000000082f00000, 0x0000000082f00000|100%| O|  |TAMS 0x0000000082e00000, 0x0000000082e00000| Untracked 
|  25|0x0000000082f00000, 0x0000000083000000, 0x0000000083000000|100%| O|  |TAMS 0x0000000082f00000, 0x0000000082f00000| Untracked 
|  26|0x0000000083000000, 0x0000000083100000, 0x0000000083100000|100%| O|  |TAMS 0x0000000083000000, 0x0000000083000000| Untracked 
|  27|0x0000000083100000, 0x0000000083200000, 0x0000000083200000|100%| O|  |TAMS 0x0000000083100000, 0x0000000083100000| Untracked 
|  28|0x0000000083200000, 0x0000000083300000, 0x0000000083300000|100%| O|  |TAMS 0x0000000083200000, 0x0000000083200000| Untracked 
|  29|0x0000000083300000, 0x0000000083400000, 0x0000000083400000|100%| O|  |TAMS 0x0000000083300000, 0x0000000083300000| Untracked 
|  30|0x0000000083400000, 0x0000000083500000, 0x0000000083500000|100%| O|  |TAMS 0x0000000083400000, 0x0000000083400000| Untracked 
|  31|0x0000000083500000, 0x0000000083600000, 0x0000000083600000|100%| O|  |TAMS 0x0000000083500000, 0x0000000083500000| Untracked 
|  32|0x0000000083600000, 0x0000000083700000, 0x0000000083700000|100%| O|  |TAMS 0x0000000083600000, 0x0000000083600000| Untracked 
|  33|0x0000000083700000, 0x0000000083800000, 0x0000000083800000|100%| O|  |TAMS 0x0000000083700000, 0x0000000083700000| Untracked 
|  34|0x0000000083800000, 0x0000000083900000, 0x0000000083900000|100%| O|  |TAMS 0x0000000083800000, 0x0000000083800000| Untracked 
|  35|0x0000000083900000, 0x0000000083a00000, 0x0000000083a00000|100%| O|  |TAMS 0x0000000083900000, 0x0000000083900000| Untracked 
|  36|0x0000000083a00000, 0x0000000083b00000, 0x0000000083b00000|100%| O|  |TAMS 0x0000000083a00000, 0x0000000083a00000| Untracked 
|  37|0x0000000083b00000, 0x0000000083c00000, 0x0000000083c00000|100%| O|  |TAMS 0x0000000083b00000, 0x0000000083b00000| Untracked 
|  38|0x0000000083c00000, 0x0000000083d00000, 0x0000000083d00000|100%| O|  |TAMS 0x0000000083c00000, 0x0000000083c00000| Untracked 
|  39|0x0000000083d00000, 0x0000000083e00000, 0x0000000083e00000|100%| O|  |TAMS 0x0000000083d00000, 0x0000000083d00000| Untracked 
|  40|0x0000000083e00000, 0x0000000083f00000, 0x0000000083f00000|100%| O|  |TAMS 0x0000000083e00000, 0x0000000083e00000| Untracked 
|  41|0x0000000083f00000, 0x0000000084000000, 0x0000000084000000|100%| O|  |TAMS 0x0000000083f00000, 0x0000000083f00000| Untracked 
|  42|0x0000000084000000, 0x0000000084100000, 0x0000000084100000|100%| O|  |TAMS 0x0000000084000000, 0x0000000084000000| Untracked 
|  43|0x0000000084100000, 0x0000000084200000, 0x0000000084200000|100%| O|  |TAMS 0x0000000084100000, 0x0000000084100000| Untracked 
|  44|0x0000000084200000, 0x0000000084300000, 0x0000000084300000|100%| O|  |TAMS 0x0000000084200000, 0x0000000084200000| Untracked 
|  45|0x0000000084300000, 0x0000000084400000, 0x0000000084400000|100%| O|  |TAMS 0x0000000084300000, 0x0000000084300000| Untracked 
|  46|0x0000000084400000, 0x0000000084500000, 0x0000000084500000|100%| O|  |TAMS 0x0000000084400000, 0x0000000084400000| Untracked 
|  47|0x0000000084500000, 0x0000000084600000, 0x0000000084600000|100%| O|  |TAMS 0x0000000084500000, 0x0000000084500000| Untracked 
|  48|0x0000000084600000, 0x0000000084700000, 0x0000000084700000|100%| O|  |TAMS 0x0000000084600000, 0x0000000084600000| Untracked 
|  49|0x0000000084700000, 0x0000000084800000, 0x0000000084800000|100%| O|  |TAMS 0x0000000084700000, 0x0000000084700000| Untracked 
|  50|0x0000000084800000, 0x0000000084900000, 0x0000000084900000|100%| O|  |TAMS 0x0000000084800000, 0x0000000084800000| Untracked 
|  51|0x0000000084900000, 0x0000000084a00000, 0x0000000084a00000|100%| O|  |TAMS 0x0000000084900000, 0x0000000084900000| Untracked 
|  52|0x0000000084a00000, 0x0000000084b00000, 0x0000000084b00000|100%| O|  |TAMS 0x0000000084a00000, 0x0000000084a00000| Untracked 
|  53|0x0000000084b00000, 0x0000000084c00000, 0x0000000084c00000|100%| O|  |TAMS 0x0000000084b00000, 0x0000000084b00000| Untracked 
|  54|0x0000000084c00000, 0x0000000084d00000, 0x0000000084d00000|100%| O|  |TAMS 0x0000000084c00000, 0x0000000084c00000| Untracked 
|  55|0x0000000084d00000, 0x0000000084e00000, 0x0000000084e00000|100%| O|  |TAMS 0x0000000084d00000, 0x0000000084d00000| Untracked 
|  56|0x0000000084e00000, 0x0000000084e00000, 0x0000000084f00000|  0%| F|  |TAMS 0x0000000084e00000, 0x0000000084e00000| Untracked 
|  57|0x0000000084f00000, 0x0000000084f00000, 0x0000000085000000|  0%| F|  |TAMS 0x0000000084f00000, 0x0000000084f00000| Untracked 
|  58|0x0000000085000000, 0x0000000085000000, 0x0000000085100000|  0%| F|  |TAMS 0x0000000085000000, 0x0000000085000000| Untracked 
|  59|0x0000000085100000, 0x0000000085100000, 0x0000000085200000|  0%| F|  |TAMS 0x0000000085100000, 0x0000000085100000| Untracked 
|  60|0x0000000085200000, 0x0000000085200000, 0x0000000085300000|  0%| F|  |TAMS 0x0000000085200000, 0x0000000085200000| Untracked 
|  61|0x0000000085300000, 0x0000000085300000, 0x0000000085400000|  0%| F|  |TAMS 0x0000000085300000, 0x0000000085300000| Untracked 
|  62|0x0000000085400000, 0x0000000085400000, 0x0000000085500000|  0%| F|  |TAMS 0x0000000085400000, 0x0000000085400000| Untracked 
|  63|0x0000000085500000, 0x0000000085500000, 0x0000000085600000|  0%| F|  |TAMS 0x0000000085500000, 0x0000000085500000| Untracked 
|  64|0x0000000085600000, 0x0000000085600000, 0x0000000085700000|  0%| F|  |TAMS 0x0000000085600000, 0x0000000085600000| Untracked 
|  65|0x0000000085700000, 0x0000000085700000, 0x0000000085800000|  0%| F|  |TAMS 0x0000000085700000, 0x0000000085700000| Untracked 
|  66|0x0000000085800000, 0x0000000085800000, 0x0000000085900000|  0%| F|  |TAMS 0x0000000085800000, 0x0000000085800000| Untracked 
|  67|0x0000000085900000, 0x0000000085900000, 0x0000000085a00000|  0%| F|  |TAMS 0x0000000085900000, 0x0000000085900000| Untracked 
|  68|0x0000000085a00000, 0x0000000085a00000, 0x0000000085b00000|  0%| F|  |TAMS 0x0000000085a00000, 0x0000000085a00000| Untracked 
|  69|0x0000000085b00000, 0x0000000085b00000, 0x0000000085c00000|  0%| F|  |TAMS 0x0000000085b00000, 0x0000000085b00000| Untracked 
|  70|0x0000000085c00000, 0x0000000085c00000, 0x0000000085d00000|  0%| F|  |TAMS 0x0000000085c00000, 0x0000000085c00000| Untracked 
|  71|0x0000000085d00000, 0x0000000085d00000, 0x0000000085e00000|  0%| F|  |TAMS 0x0000000085d00000, 0x0000000085d00000| Untracked 
|  72|0x0000000085e00000, 0x0000000085e00000, 0x0000000085f00000|  0%| F|  |TAMS 0x0000000085e00000, 0x0000000085e00000| Untracked 
|  73|0x0000000085f00000, 0x0000000085f00000, 0x0000000086000000|  0%| F|  |TAMS 0x0000000085f00000, 0x0000000085f00000| Untracked 
|  74|0x0000000086000000, 0x0000000086000000, 0x0000000086100000|  0%| F|  |TAMS 0x0000000086000000, 0x0000000086000000| Untracked 
|  75|0x0000000086100000, 0x0000000086100000, 0x0000000086200000|  0%| F|  |TAMS 0x0000000086100000, 0x0000000086100000| Untracked 
|  76|0x0000000086200000, 0x0000000086200000, 0x0000000086300000|  0%| F|  |TAMS 0x0000000086200000, 0x0000000086200000| Untracked 
|  77|0x0000000086300000, 0x0000000086300000, 0x0000000086400000|  0%| F|  |TAMS 0x0000000086300000, 0x0000000086300000| Untracked 
|  78|0x0000000086400000, 0x0000000086400000, 0x0000000086500000|  0%| F|  |TAMS 0x0000000086400000, 0x0000000086400000| Untracked 
|  79|0x0000000086500000, 0x0000000086500000, 0x0000000086600000|  0%| F|  |TAMS 0x0000000086500000, 0x0000000086500000| Untracked 
|  80|0x0000000086600000, 0x0000000086600000, 0x0000000086700000|  0%| F|  |TAMS 0x0000000086600000, 0x0000000086600000| Untracked 
|  81|0x0000000086700000, 0x0000000086700000, 0x0000000086800000|  0%| F|  |TAMS 0x0000000086700000, 0x0000000086700000| Untracked 
|  82|0x0000000086800000, 0x0000000086800000, 0x0000000086900000|  0%| F|  |TAMS 0x0000000086800000, 0x0000000086800000| Untracked 
|  83|0x0000000086900000, 0x0000000086900000, 0x0000000086a00000|  0%| F|  |TAMS 0x0000000086900000, 0x0000000086900000| Untracked 
|  84|0x0000000086a00000, 0x0000000086a00000, 0x0000000086b00000|  0%| F|  |TAMS 0x0000000086a00000, 0x0000000086a00000| Untracked 
|  85|0x0000000086b00000, 0x0000000086b00000, 0x0000000086c00000|  0%| F|  |TAMS 0x0000000086b00000, 0x0000000086b00000| Untracked 
|  86|0x0000000086c00000, 0x0000000086c00000, 0x0000000086d00000|  0%| F|  |TAMS 0x0000000086c00000, 0x0000000086c00000| Untracked 
|  87|0x0000000086d00000, 0x0000000086d00000, 0x0000000086e00000|  0%| F|  |TAMS 0x0000000086d00000, 0x0000000086d00000| Untracked 
|  88|0x0000000086e00000, 0x0000000086e00000, 0x0000000086f00000|  0%| F|  |TAMS 0x0000000086e00000, 0x0000000086e00000| Untracked 
|  89|0x0000000086f00000, 0x0000000086f00000, 0x0000000087000000|  0%| F|  |TAMS 0x0000000086f00000, 0x0000000086f00000| Untracked 
|  90|0x0000000087000000, 0x0000000087000000, 0x0000000087100000|  0%| F|  |TAMS 0x0000000087000000, 0x0000000087000000| Untracked 
|  91|0x0000000087100000, 0x0000000087200000, 0x0000000087200000|100%| S|CS|TAMS 0x0000000087100000, 0x0000000087100000| Complete 
|  92|0x0000000087200000, 0x0000000087300000, 0x0000000087300000|100%| S|CS|TAMS 0x0000000087200000, 0x0000000087200000| Complete 
|  93|0x0000000087300000, 0x0000000087400000, 0x0000000087400000|100%| S|CS|TAMS 0x0000000087300000, 0x0000000087300000| Complete 
|  94|0x0000000087400000, 0x0000000087500000, 0x0000000087500000|100%| S|CS|TAMS 0x0000000087400000, 0x0000000087400000| Complete 
|  95|0x0000000087500000, 0x0000000087600000, 0x0000000087600000|100%| S|CS|TAMS 0x0000000087500000, 0x0000000087500000| Complete 
|  96|0x0000000087600000, 0x0000000087700000, 0x0000000087700000|100%| S|CS|TAMS 0x0000000087600000, 0x0000000087600000| Complete 
|  97|0x0000000087700000, 0x0000000087700000, 0x0000000087800000|  0%| F|  |TAMS 0x0000000087700000, 0x0000000087700000| Untracked 
|  98|0x0000000087800000, 0x0000000087800000, 0x0000000087900000|  0%| F|  |TAMS 0x0000000087800000, 0x0000000087800000| Untracked 
|  99|0x0000000087900000, 0x0000000087900000, 0x0000000087a00000|  0%| F|  |TAMS 0x0000000087900000, 0x0000000087900000| Untracked 
| 100|0x0000000087a00000, 0x0000000087a00000, 0x0000000087b00000|  0%| F|  |TAMS 0x0000000087a00000, 0x0000000087a00000| Untracked 
| 101|0x0000000087b00000, 0x0000000087b00000, 0x0000000087c00000|  0%| F|  |TAMS 0x0000000087b00000, 0x0000000087b00000| Untracked 
| 102|0x0000000087c00000, 0x0000000087c00000, 0x0000000087d00000|  0%| F|  |TAMS 0x0000000087c00000, 0x0000000087c00000| Untracked 
| 103|0x0000000087d00000, 0x0000000087d00000, 0x0000000087e00000|  0%| F|  |TAMS 0x0000000087d00000, 0x0000000087d00000| Untracked 
| 104|0x0000000087e00000, 0x0000000087e00000, 0x0000000087f00000|  0%| F|  |TAMS 0x0000000087e00000, 0x0000000087e00000| Untracked 
| 105|0x0000000087f00000, 0x0000000087f00000, 0x0000000088000000|  0%| F|  |TAMS 0x0000000087f00000, 0x0000000087f00000| Untracked 
| 106|0x0000000088000000, 0x0000000088000000, 0x0000000088100000|  0%| F|  |TAMS 0x0000000088000000, 0x0000000088000000| Untracked 
| 107|0x0000000088100000, 0x0000000088100000, 0x0000000088200000|  0%| F|  |TAMS 0x0000000088100000, 0x0000000088100000| Untracked 
| 108|0x0000000088200000, 0x0000000088200000, 0x0000000088300000|  0%| F|  |TAMS 0x0000000088200000, 0x0000000088200000| Untracked 
| 109|0x0000000088300000, 0x0000000088300000, 0x0000000088400000|  0%| F|  |TAMS 0x0000000088300000, 0x0000000088300000| Untracked 
| 110|0x0000000088400000, 0x0000000088400000, 0x0000000088500000|  0%| F|  |TAMS 0x0000000088400000, 0x0000000088400000| Untracked 
| 111|0x0000000088500000, 0x0000000088500000, 0x0000000088600000|  0%| F|  |TAMS 0x0000000088500000, 0x0000000088500000| Untracked 
| 112|0x0000000088600000, 0x0000000088600000, 0x0000000088700000|  0%| F|  |TAMS 0x0000000088600000, 0x0000000088600000| Untracked 
| 113|0x0000000088700000, 0x0000000088700000, 0x0000000088800000|  0%| F|  |TAMS 0x0000000088700000, 0x0000000088700000| Untracked 
| 114|0x0000000088800000, 0x0000000088800000, 0x0000000088900000|  0%| F|  |TAMS 0x0000000088800000, 0x0000000088800000| Untracked 
| 115|0x0000000088900000, 0x0000000088900000, 0x0000000088a00000|  0%| F|  |TAMS 0x0000000088900000, 0x0000000088900000| Untracked 
| 116|0x0000000088a00000, 0x0000000088a00000, 0x0000000088b00000|  0%| F|  |TAMS 0x0000000088a00000, 0x0000000088a00000| Untracked 
| 117|0x0000000088b00000, 0x0000000088b00000, 0x0000000088c00000|  0%| F|  |TAMS 0x0000000088b00000, 0x0000000088b00000| Untracked 
| 118|0x0000000088c00000, 0x0000000088c00000, 0x0000000088d00000|  0%| F|  |TAMS 0x0000000088c00000, 0x0000000088c00000| Untracked 
| 119|0x0000000088d00000, 0x0000000088d00000, 0x0000000088e00000|  0%| F|  |TAMS 0x0000000088d00000, 0x0000000088d00000| Untracked 
| 120|0x0000000088e00000, 0x0000000088e00000, 0x0000000088f00000|  0%| F|  |TAMS 0x0000000088e00000, 0x0000000088e00000| Untracked 
| 121|0x0000000088f00000, 0x0000000088f00000, 0x0000000089000000|  0%| F|  |TAMS 0x0000000088f00000, 0x0000000088f00000| Untracked 
| 122|0x0000000089000000, 0x0000000089000000, 0x0000000089100000|  0%| F|  |TAMS 0x0000000089000000, 0x0000000089000000| Untracked 
| 123|0x0000000089100000, 0x0000000089100000, 0x0000000089200000|  0%| F|  |TAMS 0x0000000089100000, 0x0000000089100000| Untracked 
| 124|0x0000000089200000, 0x0000000089200000, 0x0000000089300000|  0%| F|  |TAMS 0x0000000089200000, 0x0000000089200000| Untracked 
| 125|0x0000000089300000, 0x0000000089300000, 0x0000000089400000|  0%| F|  |TAMS 0x0000000089300000, 0x0000000089300000| Untracked 
| 126|0x0000000089400000, 0x0000000089400000, 0x0000000089500000|  0%| F|  |TAMS 0x0000000089400000, 0x0000000089400000| Untracked 
| 127|0x0000000089500000, 0x0000000089500000, 0x0000000089600000|  0%| F|  |TAMS 0x0000000089500000, 0x0000000089500000| Untracked 
| 128|0x0000000089600000, 0x0000000089600000, 0x0000000089700000|  0%| F|  |TAMS 0x0000000089600000, 0x0000000089600000| Untracked 
| 129|0x0000000089700000, 0x0000000089700000, 0x0000000089800000|  0%| F|  |TAMS 0x0000000089700000, 0x0000000089700000| Untracked 
| 130|0x0000000089800000, 0x0000000089800000, 0x0000000089900000|  0%| F|  |TAMS 0x0000000089800000, 0x0000000089800000| Untracked 
| 131|0x0000000089900000, 0x0000000089900000, 0x0000000089a00000|  0%| F|  |TAMS 0x0000000089900000, 0x0000000089900000| Untracked 
| 132|0x0000000089a00000, 0x0000000089a00000, 0x0000000089b00000|  0%| F|  |TAMS 0x0000000089a00000, 0x0000000089a00000| Untracked 
| 133|0x0000000089b00000, 0x0000000089b00000, 0x0000000089c00000|  0%| F|  |TAMS 0x0000000089b00000, 0x0000000089b00000| Untracked 
| 134|0x0000000089c00000, 0x0000000089c00000, 0x0000000089d00000|  0%| F|  |TAMS 0x0000000089c00000, 0x0000000089c00000| Untracked 
| 135|0x0000000089d00000, 0x0000000089d00000, 0x0000000089e00000|  0%| F|  |TAMS 0x0000000089d00000, 0x0000000089d00000| Untracked 
| 136|0x0000000089e00000, 0x0000000089e00000, 0x0000000089f00000|  0%| F|  |TAMS 0x0000000089e00000, 0x0000000089e00000| Untracked 
| 137|0x0000000089f00000, 0x0000000089f00000, 0x000000008a000000|  0%| F|  |TAMS 0x0000000089f00000, 0x0000000089f00000| Untracked 
| 138|0x000000008a000000, 0x000000008a000000, 0x000000008a100000|  0%| F|  |TAMS 0x000000008a000000, 0x000000008a000000| Untracked 
| 139|0x000000008a100000, 0x000000008a100000, 0x000000008a200000|  0%| F|  |TAMS 0x000000008a100000, 0x000000008a100000| Untracked 
| 140|0x000000008a200000, 0x000000008a200000, 0x000000008a300000|  0%| F|  |TAMS 0x000000008a200000, 0x000000008a200000| Untracked 
| 141|0x000000008a300000, 0x000000008a300000, 0x000000008a400000|  0%| F|  |TAMS 0x000000008a300000, 0x000000008a300000| Untracked 
| 142|0x000000008a400000, 0x000000008a400000, 0x000000008a500000|  0%| F|  |TAMS 0x000000008a400000, 0x000000008a400000| Untracked 
| 143|0x000000008a500000, 0x000000008a500000, 0x000000008a600000|  0%| F|  |TAMS 0x000000008a500000, 0x000000008a500000| Untracked 
| 144|0x000000008a600000, 0x000000008a600000, 0x000000008a700000|  0%| F|  |TAMS 0x000000008a600000, 0x000000008a600000| Untracked 
| 145|0x000000008a700000, 0x000000008a700000, 0x000000008a800000|  0%| F|  |TAMS 0x000000008a700000, 0x000000008a700000| Untracked 
| 146|0x000000008a800000, 0x000000008a800000, 0x000000008a900000|  0%| F|  |TAMS 0x000000008a800000, 0x000000008a800000| Untracked 
| 147|0x000000008a900000, 0x000000008a900000, 0x000000008aa00000|  0%| F|  |TAMS 0x000000008a900000, 0x000000008a900000| Untracked 
| 148|0x000000008aa00000, 0x000000008aa00000, 0x000000008ab00000|  0%| F|  |TAMS 0x000000008aa00000, 0x000000008aa00000| Untracked 
| 149|0x000000008ab00000, 0x000000008ab00000, 0x000000008ac00000|  0%| F|  |TAMS 0x000000008ab00000, 0x000000008ab00000| Untracked 
| 150|0x000000008ac00000, 0x000000008ac00000, 0x000000008ad00000|  0%| F|  |TAMS 0x000000008ac00000, 0x000000008ac00000| Untracked 
| 151|0x000000008ad00000, 0x000000008ad00000, 0x000000008ae00000|  0%| F|  |TAMS 0x000000008ad00000, 0x000000008ad00000| Untracked 
| 152|0x000000008ae00000, 0x000000008ae00000, 0x000000008af00000|  0%| F|  |TAMS 0x000000008ae00000, 0x000000008ae00000| Untracked 
| 153|0x000000008af00000, 0x000000008af00000, 0x000000008b000000|  0%| F|  |TAMS 0x000000008af00000, 0x000000008af00000| Untracked 
| 154|0x000000008b000000, 0x000000008b000000, 0x000000008b100000|  0%| F|  |TAMS 0x000000008b000000, 0x000000008b000000| Untracked 
| 155|0x000000008b100000, 0x000000008b100000, 0x000000008b200000|  0%| F|  |TAMS 0x000000008b100000, 0x000000008b100000| Untracked 
| 156|0x000000008b200000, 0x000000008b200000, 0x000000008b300000|  0%| F|  |TAMS 0x000000008b200000, 0x000000008b200000| Untracked 
| 157|0x000000008b300000, 0x000000008b300000, 0x000000008b400000|  0%| F|  |TAMS 0x000000008b300000, 0x000000008b300000| Untracked 

Card table byte_map: [0x0000022df5bf0000,0x0000022df5ff0000] _byte_map_base: 0x0000022df57e5000

Marking Bits (Prev, Next): (CMBitMap*) 0x0000022de0f297a0, (CMBitMap*) 0x0000022de0f29768
 Prev Bits: [0x0000022df83a0000, 0x0000022dfa348000)
 Next Bits: [0x0000022df63f0000, 0x0000022df8398000)

Polling page: 0x0000022de0dc0000

Metaspace:

Usage:
  Non-class:     65.98 MB capacity,    65.45 MB (>99%) used,   413.88 KB ( <1%) free+waste,   128.44 KB ( <1%) overhead. 
      Class:      8.49 MB capacity,     8.13 MB ( 96%) used,   307.49 KB (  4%) free+waste,    55.25 KB ( <1%) overhead. 
       Both:     74.47 MB capacity,    73.58 MB ( 99%) used,   721.37 KB ( <1%) free+waste,   183.69 KB ( <1%) overhead. 

Virtual space:
  Non-class space:       68.00 MB reserved,      66.17 MB ( 97%) committed 
      Class space:        1.00 GB reserved,       8.50 MB ( <1%) committed 
             Both:        1.07 GB reserved,      74.67 MB (  7%) committed 

Chunk freelists:
   Non-Class:  6.00 KB
       Class:  12.00 KB
        Both:  18.00 KB

MaxMetaspaceSize: 17179869184.00 GB
CompressedClassSpaceSize: 1.00 GB
Initial GC threshold: 20.80 MB
Current GC threshold: 76.95 MB
CDS: off

CodeHeap 'non-profiled nmethods': size=120064Kb used=5338Kb max_used=5338Kb free=114725Kb
 bounds [0x0000022dedc90000, 0x0000022dee1d0000, 0x0000022df51d0000]
CodeHeap 'profiled nmethods': size=120000Kb used=34281Kb max_used=34281Kb free=85718Kb
 bounds [0x0000022de6760000, 0x0000022de88e0000, 0x0000022dedc90000]
CodeHeap 'non-nmethods': size=5696Kb used=1374Kb max_used=1413Kb free=4321Kb
 bounds [0x0000022de61d0000, 0x0000022de6440000, 0x0000022de6760000]
 total_blobs=11872 nmethods=11205 adapters=576
 compilation: enabled
              stopped_count=0, restarted_count=0
 full_count=0

Compilation events (20 events):
Event: 17.486 Thread 0x0000022dfc9c0800 11302       3       org.jetbrains.kotlin.ir.declarations.lazy.IrLazyClass::<init> (361 bytes)
Event: 17.501 Thread 0x0000022dfc9c0800 nmethod 11302 0x0000022de88c8e10 code [0x0000022de88c9e40, 0x0000022de88d3998]
Event: 17.501 Thread 0x0000022dfc9c0800 11303       3       org.jetbrains.kotlin.ir.symbols.impl.IrPublicSymbolBase::getHasDescriptor (13 bytes)
Event: 17.502 Thread 0x0000022dfc9c0800 nmethod 11303 0x0000022de88d6e90 code [0x0000022de88d7040, 0x0000022de88d7198]
Event: 17.502 Thread 0x0000022dfc9c0800 11304       3       org.jetbrains.kotlin.ir.util.IdSignature$CommonSignature::asPublic (2 bytes)
Event: 17.502 Thread 0x0000022dfc9c0800 nmethod 11304 0x0000022de88d7210 code [0x0000022de88d73c0, 0x0000022de88d74b8]
Event: 17.502 Thread 0x0000022dfc9c0800 11305       3       org.jetbrains.kotlin.ir.backend.jvm.serialization.JvmIrLinker$MetadataJVMModuleDeserializer::declareIrSymbol (46 bytes)
Event: 17.503 Thread 0x0000022dfc9c0800 nmethod 11305 0x0000022de88d7590 code [0x0000022de88d7800, 0x0000022de88d81a8]
Event: 17.503 Thread 0x0000022dfc9c0800 11306       3       org.jetbrains.kotlin.backend.common.serialization.FunctionalInterfacesUtilsKt::getFunctionalPackages (4 bytes)
Event: 17.504 Thread 0x0000022dfc9c0800 nmethod 11306 0x0000022de88d8510 code [0x0000022de88d86c0, 0x0000022de88d87b8]
Event: 17.512 Thread 0x0000022dfc9c0800 11307       3       kotlin.jvm.internal.MutablePropertyReference1Impl::<init> (31 bytes)
Event: 17.513 Thread 0x0000022dfc9c0800 nmethod 11307 0x0000022de88d8890 code [0x0000022de88d8aa0, 0x0000022de88d90d8]
Event: 17.513 Thread 0x0000022dfc9c0800 11308       3       kotlin.jvm.internal.Reflection::mutableProperty1 (8 bytes)
Event: 17.513 Thread 0x0000022dfc9c0800 nmethod 11308 0x0000022de88d9290 code [0x0000022de88d94a0, 0x0000022de88d9c38]
Event: 17.517 Thread 0x0000022dfc9c0800 11309       1       org.jetbrains.kotlin.ir.declarations.lazy.IrLazyConstructor::getStubGenerator (5 bytes)
Event: 17.518 Thread 0x0000022dfc9c0800 nmethod 11309 0x0000022dee1c6810 code [0x0000022dee1c69c0, 0x0000022dee1c6a78]
Event: 17.519 Thread 0x0000022dfc9c0800 11310       2       org.jetbrains.kotlin.backend.common.serialization.signature.IdSignatureBuilder::buildSignature (17 bytes)
Event: 17.520 Thread 0x0000022dfc9c0800 nmethod 11310 0x0000022de88d9e10 code [0x0000022de88d9fe0, 0x0000022de88da148]
Event: 17.520 Thread 0x0000022dfc9c0800 11311       2       org.jetbrains.kotlin.backend.common.serialization.signature.IdSignatureBuilder::reset$default (28 bytes)
Event: 17.520 Thread 0x0000022dfc9c0800 nmethod 11311 0x0000022de88da290 code [0x0000022de88da460, 0x0000022de88da618]

GC Heap History (17 events):
Event: 0.542 GC heap before
{Heap before GC invocations=0 (full 0):
 garbage-first heap   total 131072K, used 17408K [0x0000000081600000, 0x0000000100000000)
  region size 1024K, 14 young (14336K), 0 survivors (0K)
 Metaspace       used 9838K, capacity 9938K, committed 10112K, reserved 1058816K
  class space    used 843K, capacity 885K, committed 896K, reserved 1048576K
}
Event: 0.546 GC heap after
{Heap after GC invocations=1 (full 0):
 garbage-first heap   total 131072K, used 5244K [0x0000000081600000, 0x0000000100000000)
  region size 1024K, 2 young (2048K), 2 survivors (2048K)
 Metaspace       used 9838K, capacity 9938K, committed 10112K, reserved 1058816K
  class space    used 843K, capacity 885K, committed 896K, reserved 1048576K
}
Event: 1.664 GC heap before
{Heap before GC invocations=1 (full 0):
 garbage-first heap   total 131072K, used 50300K [0x0000000081600000, 0x0000000100000000)
  region size 1024K, 47 young (48128K), 2 survivors (2048K)
 Metaspace       used 20929K, capacity 21109K, committed 21296K, reserved 1069056K
  class space    used 2222K, capacity 2319K, committed 2432K, reserved 1048576K
}
Event: 1.685 GC heap after
{Heap after GC invocations=2 (full 0):
 garbage-first heap   total 131072K, used 9209K [0x0000000081600000, 0x0000000100000000)
  region size 1024K, 6 young (6144K), 6 survivors (6144K)
 Metaspace       used 20929K, capacity 21109K, committed 21296K, reserved 1069056K
  class space    used 2222K, capacity 2319K, committed 2432K, reserved 1048576K
}
Event: 3.082 GC heap before
{Heap before GC invocations=3 (full 0):
 garbage-first heap   total 131072K, used 61433K [0x0000000081600000, 0x0000000100000000)
  region size 1024K, 52 young (53248K), 6 survivors (6144K)
 Metaspace       used 31861K, capacity 32269K, committed 32432K, reserved 1077248K
  class space    used 3843K, capacity 4009K, committed 4096K, reserved 1048576K
}
Event: 3.113 GC heap after
{Heap after GC invocations=4 (full 0):
 garbage-first heap   total 131072K, used 21388K [0x0000000081600000, 0x0000000100000000)
  region size 1024K, 7 young (7168K), 7 survivors (7168K)
 Metaspace       used 31861K, capacity 32269K, committed 32432K, reserved 1077248K
  class space    used 3843K, capacity 4009K, committed 4096K, reserved 1048576K
}
Event: 3.446 GC heap before
{Heap before GC invocations=4 (full 0):
 garbage-first heap   total 131072K, used 33676K [0x0000000081600000, 0x0000000100000000)
  region size 1024K, 20 young (20480K), 7 survivors (7168K)
 Metaspace       used 35345K, capacity 35767K, committed 35888K, reserved 1081344K
  class space    used 4452K, capacity 4620K, committed 4736K, reserved 1048576K
}
Event: 3.461 GC heap after
{Heap after GC invocations=5 (full 0):
 garbage-first heap   total 131072K, used 21901K [0x0000000081600000, 0x0000000100000000)
  region size 1024K, 2 young (2048K), 2 survivors (2048K)
 Metaspace       used 35345K, capacity 35767K, committed 35888K, reserved 1081344K
  class space    used 4452K, capacity 4620K, committed 4736K, reserved 1048576K
}
Event: 4.808 GC heap before
{Heap before GC invocations=6 (full 0):
 garbage-first heap   total 131072K, used 75149K [0x0000000081600000, 0x0000000100000000)
  region size 1024K, 54 young (55296K), 2 survivors (2048K)
 Metaspace       used 46212K, capacity 46777K, committed 47024K, reserved 1091584K
  class space    used 5545K, capacity 5787K, committed 5888K, reserved 1048576K
}
Event: 4.827 GC heap after
{Heap after GC invocations=7 (full 0):
 garbage-first heap   total 161792K, used 24211K [0x0000000081600000, 0x0000000100000000)
  region size 1024K, 6 young (6144K), 6 survivors (6144K)
 Metaspace       used 46212K, capacity 46777K, committed 47024K, reserved 1091584K
  class space    used 5545K, capacity 5787K, committed 5888K, reserved 1048576K
}
Event: 6.956 GC heap before
{Heap before GC invocations=8 (full 0):
 garbage-first heap   total 161792K, used 105107K [0x0000000081600000, 0x0000000100000000)
  region size 1024K, 82 young (83968K), 6 survivors (6144K)
 Metaspace       used 56184K, capacity 56889K, committed 57136K, reserved 1099776K
  class space    used 6659K, capacity 6951K, committed 7040K, reserved 1048576K
}
Event: 6.986 GC heap after
{Heap after GC invocations=9 (full 0):
 garbage-first heap   total 161792K, used 33485K [0x0000000081600000, 0x0000000100000000)
  region size 1024K, 11 young (11264K), 11 survivors (11264K)
 Metaspace       used 56184K, capacity 56889K, committed 57136K, reserved 1099776K
  class space    used 6659K, capacity 6951K, committed 7040K, reserved 1048576K
}
Event: 9.571 GC heap before
{Heap before GC invocations=9 (full 0):
 garbage-first heap   total 161792K, used 111309K [0x0000000081600000, 0x0000000100000000)
  region size 1024K, 87 young (89088K), 11 survivors (11264K)
 Metaspace       used 61122K, capacity 61820K, committed 61872K, reserved 1103872K
  class space    used 7099K, capacity 7417K, committed 7424K, reserved 1048576K
}
Event: 9.621 GC heap after
{Heap after GC invocations=10 (full 0):
 garbage-first heap   total 161792K, used 45585K [0x0000000081600000, 0x0000000100000000)
  region size 1024K, 11 young (11264K), 11 survivors (11264K)
 Metaspace       used 61122K, capacity 61820K, committed 61872K, reserved 1103872K
  class space    used 7099K, capacity 7417K, committed 7424K, reserved 1048576K
}
Event: 14.848 GC heap before
{Heap before GC invocations=10 (full 0):
 garbage-first heap   total 161792K, used 116241K [0x0000000081600000, 0x0000000100000000)
  region size 1024K, 80 young (81920K), 11 survivors (11264K)
 Metaspace       used 67661K, capacity 68558K, committed 68912K, reserved 1110016K
  class space    used 7627K, capacity 7955K, committed 8064K, reserved 1048576K
}
Event: 14.908 GC heap after
{Heap after GC invocations=11 (full 0):
 garbage-first heap   total 161792K, used 56832K [0x0000000081600000, 0x0000000100000000)
  region size 1024K, 10 young (10240K), 10 survivors (10240K)
 Metaspace       used 67661K, capacity 68558K, committed 68912K, reserved 1110016K
  class space    used 7627K, capacity 7955K, committed 8064K, reserved 1048576K
}
Event: 17.522 GC heap before
{Heap before GC invocations=11 (full 0):
 garbage-first heap   total 161792K, used 119296K [0x0000000081600000, 0x0000000100000000)
  region size 1024K, 71 young (72704K), 10 survivors (10240K)
 Metaspace       used 75348K, capacity 76254K, committed 76464K, reserved 1118208K
  class space    used 8329K, capacity 8692K, committed 8704K, reserved 1048576K
}

Deoptimization events (20 events):
Event: 17.433 Thread 0x0000022de0ee9000 Uncommon trap: trap_request=0xffffffde fr.pc=0x0000022dede7ab50 relative=0x00000000000005b0
Event: 17.433 Thread 0x0000022de0ee9000 Uncommon trap: reason=class_check action=maybe_recompile pc=0x0000022dede7ab50 method=java.util.regex.Matcher.search(I)Z @ 121 c2
Event: 17.433 Thread 0x0000022de0ee9000 DEOPT PACKING pc=0x0000022dede7ab50 sp=0x0000005beebfe850
Event: 17.433 Thread 0x0000022de0ee9000 DEOPT UNPACKING pc=0x0000022de621a1af sp=0x0000005beebfe810 mode 2
Event: 17.433 Thread 0x0000022de0ee9000 Uncommon trap: trap_request=0xffffffde fr.pc=0x0000022dede7ab50 relative=0x00000000000005b0
Event: 17.433 Thread 0x0000022de0ee9000 Uncommon trap: reason=class_check action=maybe_recompile pc=0x0000022dede7ab50 method=java.util.regex.Matcher.search(I)Z @ 121 c2
Event: 17.433 Thread 0x0000022de0ee9000 DEOPT PACKING pc=0x0000022dede7ab50 sp=0x0000005beebfe850
Event: 17.433 Thread 0x0000022de0ee9000 DEOPT UNPACKING pc=0x0000022de621a1af sp=0x0000005beebfe810 mode 2
Event: 17.451 Thread 0x0000022de0ee9000 Uncommon trap: trap_request=0xffffffc6 fr.pc=0x0000022dee19d528 relative=0x00000000000006a8
Event: 17.451 Thread 0x0000022de0ee9000 Uncommon trap: reason=bimorphic_or_optimized_type_check action=maybe_recompile pc=0x0000022dee19d528 method=org.jetbrains.kotlin.descriptors.impl.PackageFragmentDescriptorImpl.accept(Lorg/jetbrains/kotlin/descriptors/DeclarationDescriptorVisitor;Ljava/lan
Event: 17.451 Thread 0x0000022de0ee9000 DEOPT PACKING pc=0x0000022dee19d528 sp=0x0000005beebfdd20
Event: 17.451 Thread 0x0000022de0ee9000 DEOPT UNPACKING pc=0x0000022de621a1af sp=0x0000005beebfdcf8 mode 2
Event: 17.507 Thread 0x0000022de0ee9000 Uncommon trap: trap_request=0xffffffc6 fr.pc=0x0000022dee19d528 relative=0x00000000000006a8
Event: 17.507 Thread 0x0000022de0ee9000 Uncommon trap: reason=bimorphic_or_optimized_type_check action=maybe_recompile pc=0x0000022dee19d528 method=org.jetbrains.kotlin.descriptors.impl.PackageFragmentDescriptorImpl.accept(Lorg/jetbrains/kotlin/descriptors/DeclarationDescriptorVisitor;Ljava/lan
Event: 17.507 Thread 0x0000022de0ee9000 DEOPT PACKING pc=0x0000022dee19d528 sp=0x0000005beebfdb60
Event: 17.507 Thread 0x0000022de0ee9000 DEOPT UNPACKING pc=0x0000022de621a1af sp=0x0000005beebfdb38 mode 2
Event: 17.515 Thread 0x0000022de0ee9000 Uncommon trap: trap_request=0xffffff4d fr.pc=0x0000022dedf06fbc relative=0x00000000000004dc
Event: 17.515 Thread 0x0000022de0ee9000 Uncommon trap: reason=unstable_if action=reinterpret pc=0x0000022dedf06fbc method=kotlin.LazyKt__LazyJVMKt.lazy(Lkotlin/LazyThreadSafetyMode;Lkotlin/jvm/functions/Function0;)Lkotlin/Lazy; @ 21 c2
Event: 17.515 Thread 0x0000022de0ee9000 DEOPT PACKING pc=0x0000022dedf06fbc sp=0x0000005beebfe270
Event: 17.515 Thread 0x0000022de0ee9000 DEOPT UNPACKING pc=0x0000022de621a1af sp=0x0000005beebfe230 mode 2

Classes redefined (0 events):
No events

Internal exceptions (20 events):
Event: 7.547 Thread 0x0000022de0ee9000 Exception <a 'java/lang/NoSuchMethodError'{0x000000008a5b33f0}: 'java.lang.Object java.lang.invoke.DirectMethodHandle$Holder.invokeStaticInit(java.lang.Object, java.lang.Object, java.lang.Object)'> (0x000000008a5b33f0) thrown at [./src/hotspot/share/interpreter/linkResolver.cpp, line 773]
Event: 8.123 Thread 0x0000022de0ee9000 Exception <a 'java/lang/NoSuchMethodError'{0x0000000089a86598}: 'int java.lang.invoke.DirectMethodHandle$Holder.invokeInterface(java.lang.Object, java.lang.Object)'> (0x0000000089a86598) thrown at [./src/hotspot/share/interpreter/linkResolver.cpp, line 773]
Event: 8.164 Thread 0x0000022de0ee9000 Exception <a 'java/lang/NoSuchMethodError'{0x0000000089998638}: 'int java.lang.invoke.DirectMethodHandle$Holder.invokeStaticInit(java.lang.Object, int)'> (0x0000000089998638) thrown at [./src/hotspot/share/interpreter/linkResolver.cpp, line 773]
Event: 8.351 Thread 0x0000022de0ee9000 Implicit null exception at 0x0000022dedefb2b7 to 0x0000022dedefc290
Event: 8.933 Thread 0x0000022de0ee9000 Exception <a 'java/lang/NoSuchMethodError'{0x0000000087d62388}: 'java.lang.Object java.lang.invoke.DirectMethodHandle$Holder.invokeStatic(java.lang.Object, int, java.lang.Object, java.lang.Object)'> (0x0000000087d62388) thrown at [./src/hotspot/share/interpreter/linkResolver.cpp, line 773]
Event: 9.210 Thread 0x0000022de0ee9000 Exception <a 'java/lang/NoSuchMethodError'{0x0000000086f42260}: 'java.lang.Object java.lang.invoke.Invokers$Holder.linkToTargetMethod(java.lang.Object, java.lang.Object, java.lang.Object, int, int, java.lang.Object)'> (0x0000000086f42260) thrown at [./src/hotspot/share/interpreter/linkResolver.cpp, line 773]
Event: 9.374 Thread 0x0000022de0ee9000 Exception <a 'java/lang/NoSuchMethodError'{0x0000000086ce5f98}: 'java.lang.Object java.lang.invoke.Invokers$Holder.linkToTargetMethod(java.lang.Object, java.lang.Object, java.lang.Object, java.lang.Object, java.lang.Object, java.lang.Object, java.lang.Object)'> (0x0000000086ce5f98) thrown at [./src/hotspot/share/interpreter/linkResolver.cpp, line 773]
Event: 9.386 Thread 0x0000022de0ee9000 Implicit null exception at 0x0000022dedcecade to 0x0000022dedced24a
Event: 9.386 Thread 0x0000022de0ee9000 Implicit null exception at 0x0000022dedceb22f to 0x0000022dedceb29d
Event: 9.397 Thread 0x0000022de0ee9000 Exception <a 'java/lang/NoSuchMethodError'{0x0000000086b5f470}: 'java.lang.Object java.lang.invoke.DirectMethodHandle$Holder.invokeInterface(java.lang.Object, java.lang.Object, java.lang.Object)'> (0x0000000086b5f470) thrown at [./src/hotspot/share/interpreter/linkResolver.cpp, line 773]
Event: 9.398 Thread 0x0000022de0ee9000 Exception <a 'java/lang/IncompatibleClassChangeError'{0x0000000086b62bf0}: Found class java.lang.Object, but interface was expected> (0x0000000086b62bf0) thrown at [./src/hotspot/share/interpreter/linkResolver.cpp, line 839]
Event: 9.993 Thread 0x0000022de0ee9000 Implicit null exception at 0x0000022dedcaa5f7 to 0x0000022dedcaaaf4
Event: 10.026 Thread 0x0000022de0ee9000 Implicit null exception at 0x0000022dedcab0f4 to 0x0000022dedcab608
Event: 12.230 Thread 0x0000022de0ee9000 Exception <a 'java/lang/NoSuchMethodError'{0x0000000088d611e0}: 'int java.lang.invoke.DirectMethodHandle$Holder.invokeVirtual(java.lang.Object, java.lang.Object, java.lang.Object)'> (0x0000000088d611e0) thrown at [./src/hotspot/share/interpreter/linkResolver.cpp, line 773]
Event: 12.354 Thread 0x0000022de0ee9000 Exception <a 'java/lang/NoSuchMethodError'{0x0000000088a218b0}: 'void java.lang.invoke.DirectMethodHandle$Holder.invokeInterface(java.lang.Object, java.lang.Object)'> (0x0000000088a218b0) thrown at [./src/hotspot/share/interpreter/linkResolver.cpp, line 773]
Event: 12.448 Thread 0x0000022de0ee9000 Exception <a 'java/lang/IncompatibleClassChangeError'{0x00000000889cc3f8}: Found class java.lang.Object, but interface was expected> (0x00000000889cc3f8) thrown at [./src/hotspot/share/interpreter/linkResolver.cpp, line 839]
Event: 15.037 Thread 0x0000022de0ee9000 Implicit null exception at 0x0000022dedce96f5 to 0x0000022dedce98bc
Event: 15.776 Thread 0x0000022de0ee9000 Exception <a 'java/lang/NoSuchMethodError'{0x000000008a35bd40}: 'java.lang.Object java.lang.invoke.DirectMethodHandle$Holder.invokeStaticInit(java.lang.Object, java.lang.Object, java.lang.Object, java.lang.Object)'> (0x000000008a35bd40) thrown at [./src/hotspot/share/interpreter/linkResolver.cpp, line 773]
Event: 16.099 Thread 0x0000022de0ee9000 Exception <a 'java/lang/NoSuchMethodError'{0x000000008999ea98}: 'int java.lang.invoke.DirectMethodHandle$Holder.invokeStaticInit(java.lang.Object, java.lang.Object, java.lang.Object, java.lang.Object)'> (0x000000008999ea98) thrown at [./src/hotspot/share/interpreter/linkResolver.cpp, line 773]
Event: 16.365 Thread 0x0000022de0ee9000 Implicit null exception at 0x0000022dedcf62f4 to 0x0000022dedcf650c

Events (20 events):
Event: 17.514 loading class org/jetbrains/kotlin/ir/declarations/lazy/IrLazyFunctionBase$DefaultImpls done
Event: 17.514 loading class org/jetbrains/kotlin/ir/declarations/lazy/IrLazyConstructor$returnType$2
Event: 17.514 loading class org/jetbrains/kotlin/ir/declarations/lazy/IrLazyConstructor$returnType$2 done
Event: 17.515 loading class org/jetbrains/kotlin/ir/declarations/lazy/IrLazyFunctionBase$createInitialSignatureFunction$1
Event: 17.515 loading class org/jetbrains/kotlin/ir/declarations/lazy/IrLazyFunctionBase$createInitialSignatureFunction$1 done
Event: 17.515 loading class org/jetbrains/kotlin/ir/declarations/lazy/IrLazyConstructor$dispatchReceiverParameter$2
Event: 17.515 loading class org/jetbrains/kotlin/ir/declarations/lazy/IrLazyConstructor$dispatchReceiverParameter$2 done
Event: 17.515 loading class org/jetbrains/kotlin/ir/declarations/lazy/IrLazyConstructor$extensionReceiverParameter$2
Event: 17.515 loading class org/jetbrains/kotlin/ir/declarations/lazy/IrLazyConstructor$extensionReceiverParameter$2 done
Event: 17.516 loading class org/jetbrains/kotlin/ir/declarations/lazy/IrLazyConstructor$valueParameters$2
Event: 17.516 loading class org/jetbrains/kotlin/ir/declarations/lazy/IrLazyConstructor$valueParameters$2 done
Event: 17.516 loading class org/jetbrains/kotlin/ir/declarations/lazy/IrLazyConstructor$typeParameters$2
Event: 17.516 loading class org/jetbrains/kotlin/ir/declarations/lazy/IrLazyConstructor$typeParameters$2 done
Event: 17.520 loading class org/jetbrains/kotlin/ir/util/DeclarationStubGenerator$generateEnumEntryStub$1
Event: 17.520 loading class org/jetbrains/kotlin/ir/util/DeclarationStubGenerator$generateEnumEntryStub$1 done
Event: 17.521 loading class org/jetbrains/kotlin/ir/declarations/lazy/IrLazyEnumEntryImpl
Event: 17.521 loading class org/jetbrains/kotlin/ir/declarations/lazy/IrLazyEnumEntryImpl done
Event: 17.521 loading class org/jetbrains/kotlin/ir/declarations/IrEnumEntry
Event: 17.521 loading class org/jetbrains/kotlin/ir/declarations/IrEnumEntry done
Event: 17.522 Executing VM operation: G1CollectForAllocation


Dynamic libraries:
0x00007ff600ea0000 - 0x00007ff600eaa000 	D:\Program Files\Android\Android Studio\jre\bin\java.exe
0x00007ff92d170000 - 0x00007ff92d365000 	C:\Windows\SYSTEM32\ntdll.dll
0x00007ff92c880000 - 0x00007ff92c93e000 	C:\Windows\System32\KERNEL32.DLL
0x00007ff92ac10000 - 0x00007ff92aed8000 	C:\Windows\System32\KERNELBASE.dll
0x00007ff92a9b0000 - 0x00007ff92aab0000 	C:\Windows\System32\ucrtbase.dll
0x00007ff9229d0000 - 0x00007ff9229e9000 	D:\Program Files\Android\Android Studio\jre\bin\jli.dll
0x00007ff9229f0000 - 0x00007ff922a07000 	D:\Program Files\Android\Android Studio\jre\bin\VCRUNTIME140.dll
0x00007ff92c950000 - 0x00007ff92caf1000 	C:\Windows\System32\USER32.dll
0x00007ff9192f0000 - 0x00007ff91958a000 	C:\Windows\WinSxS\amd64_microsoft.windows.common-controls_6595b64144ccf1df_6.0.19041.1110_none_60b5254171f9507e\COMCTL32.dll
0x00007ff92b040000 - 0x00007ff92b062000 	C:\Windows\System32\win32u.dll
0x00007ff92bc20000 - 0x00007ff92bcbe000 	C:\Windows\System32\msvcrt.dll
0x00007ff92bcf0000 - 0x00007ff92bd1b000 	C:\Windows\System32\GDI32.dll
0x00007ff92aee0000 - 0x00007ff92afeb000 	C:\Windows\System32\gdi32full.dll
0x00007ff92b120000 - 0x00007ff92b1bd000 	C:\Windows\System32\msvcp_win.dll
0x00007ff92bcc0000 - 0x00007ff92bcf0000 	C:\Windows\System32\IMM32.DLL
0x00007ff919f60000 - 0x00007ff919ffd000 	D:\Program Files\Android\Android Studio\jre\bin\msvcp140.dll
0x00007ff903a00000 - 0x00007ff9044e5000 	D:\Program Files\Android\Android Studio\jre\bin\server\jvm.dll
0x00007ff92b960000 - 0x00007ff92ba0c000 	C:\Windows\System32\ADVAPI32.dll
0x00007ff92b370000 - 0x00007ff92b40b000 	C:\Windows\System32\sechost.dll
0x00007ff92cb70000 - 0x00007ff92cc9a000 	C:\Windows\System32\RPCRT4.dll
0x00007ff92b360000 - 0x00007ff92b368000 	C:\Windows\System32\PSAPI.DLL
0x00007ff927db0000 - 0x00007ff927db9000 	C:\Windows\SYSTEM32\WSOCK32.dll
0x00007ff914b10000 - 0x00007ff914b37000 	C:\Windows\SYSTEM32\WINMM.dll
0x00007ff92cb00000 - 0x00007ff92cb6b000 	C:\Windows\System32\WS2_32.dll
0x00007ff91a860000 - 0x00007ff91a86a000 	C:\Windows\SYSTEM32\VERSION.dll
0x00007ff9284c0000 - 0x00007ff9284d2000 	C:\Windows\SYSTEM32\kernel.appcore.dll
0x00007ff919730000 - 0x00007ff919741000 	D:\Program Files\Android\Android Studio\jre\bin\verify.dll
0x00007ff915930000 - 0x00007ff915b14000 	C:\Windows\SYSTEM32\DBGHELP.DLL
0x00007ff9158c0000 - 0x00007ff9158ec000 	C:\Windows\SYSTEM32\dbgcore.DLL
0x00007ff92a8c0000 - 0x00007ff92a943000 	C:\Windows\System32\bcryptPrimitives.dll
0x00007ff918df0000 - 0x00007ff918e19000 	D:\Program Files\Android\Android Studio\jre\bin\java.dll
0x00007ff925af0000 - 0x00007ff925afb000 	D:\Program Files\Android\Android Studio\jre\bin\jimage.dll
0x00007ff918390000 - 0x00007ff9183a8000 	D:\Program Files\Android\Android Studio\jre\bin\zip.dll
0x00007ff92beb0000 - 0x00007ff92c5ef000 	C:\Windows\System32\SHELL32.dll
0x00007ff9286c0000 - 0x00007ff928e50000 	C:\Windows\SYSTEM32\windows.storage.dll
0x00007ff92ccc0000 - 0x00007ff92d015000 	C:\Windows\System32\combase.dll
0x00007ff92a2e0000 - 0x00007ff92a30e000 	C:\Windows\SYSTEM32\Wldp.dll
0x00007ff92bd80000 - 0x00007ff92be2d000 	C:\Windows\System32\SHCORE.dll
0x00007ff92d0d0000 - 0x00007ff92d125000 	C:\Windows\System32\shlwapi.dll
0x00007ff92a7d0000 - 0x00007ff92a7ef000 	C:\Windows\SYSTEM32\profapi.dll
0x00007ff9181c0000 - 0x00007ff9181da000 	D:\Program Files\Android\Android Studio\jre\bin\net.dll
0x00007ff9218c0000 - 0x00007ff9219cc000 	C:\Windows\SYSTEM32\WINHTTP.dll
0x00007ff92a040000 - 0x00007ff92a0aa000 	C:\Windows\system32\mswsock.dll
0x00007ff917de0000 - 0x00007ff917df4000 	D:\Program Files\Android\Android Studio\jre\bin\nio.dll

dbghelp: loaded successfully - version: 4.0.5 - missing functions: none
symbol engine: initialized successfully - sym options: 0x614 - pdb path: .;D:\Program Files\Android\Android Studio\jre\bin;C:\Windows\SYSTEM32;C:\Windows\WinSxS\amd64_microsoft.windows.common-controls_6595b64144ccf1df_6.0.19041.1110_none_60b5254171f9507e;D:\Program Files\Android\Android Studio\jre\bin\server

VM Arguments:
java_command: org.jetbrains.kotlin.cli.jvm.K2JVMCompiler @D:\Users\lovess\AndroidStudioProjects\NewsApppp 1.1\app\build\20220630_13766883524812841932.compiler.options
java_class_path (initial): C:\Users\lovess\.gradle\caches\modules-2\files-2.1\org.jetbrains.kotlin\kotlin-compiler-embeddable\1.6.21\97bdd5a752ce73b58ef16c17bc7f0ea2faff7a2e\kotlin-compiler-embeddable-1.6.21.jar;C:\Users\lovess\.gradle\caches\modules-2\files-2.1\org.jetbrains.kotlin\kotlin-reflect\1.6.21\5dc3574d9b7bebfcb4ec6b10ada4aaa9e140bd0b\kotlin-reflect-1.6.21.jar;C:\Users\lovess\.gradle\caches\modules-2\files-2.1\org.jetbrains.kotlin\kotlin-stdlib\1.6.21\11ef67f1900634fd951bad28c53ec957fabbe5b8\kotlin-stdlib-1.6.21.jar;C:\Users\lovess\.gradle\caches\modules-2\files-2.1\org.jetbrains.kotlin\kotlin-script-runtime\1.6.21\99c6675100da5d6d5b1c5a1032f27f28008d101b\kotlin-script-runtime-1.6.21.jar;C:\Users\lovess\.gradle\caches\modules-2\files-2.1\org.jetbrains.kotlin\kotlin-daemon-embeddable\1.6.21\46b78cf392e1c4f10854c3cadba44abb7b82250f\kotlin-daemon-embeddable-1.6.21.jar;C:\Users\lovess\.gradle\caches\modules-2\files-2.1\org.jetbrains.intellij.deps\trove4j\1.0.20200330\3afb14d5f9ceb459d724e907a21145e8ff394f02\trove4j-1.0.20200330.jar;C:\Users\lovess\.gradle\caches\modules-2\files-2.1\net.java.dev.jna\jna\5.6.0\330f2244e9030119ab3030fc3fededc86713d9cc\jna-5.6.0.jar;C:\Users\lovess\.gradle\caches\modules-2\files-2.1\org.jetbrains.kotlin\kotlin-stdlib-common\1.6.21\5e5b55c26dbc80372a920aef60eb774b714559b8\kotlin-stdlib-common-1.6.21.jar;C:\Users\lovess\.gradle\caches\modules-2\files-2.1\org.jetbrains\annotations\13.0\919f0dfe192fb4e063e7dacadee7f8bb9a2672a9\annotations-13.0.jar
Launcher Type: SUN_STANDARD

[Global flags]
     intx CICompilerCount                          = 3                                         {product} {ergonomic}
     uint ConcGCThreads                            = 1                                         {product} {ergonomic}
     uint G1ConcRefinementThreads                  = 4                                         {product} {ergonomic}
   size_t G1HeapRegionSize                         = 1048576                                   {product} {ergonomic}
    uintx GCDrainStackTargetSize                   = 64                                        {product} {ergonomic}
   size_t InitialHeapSize                          = 134217728                                 {product} {ergonomic}
   size_t MarkStackSize                            = 4194304                                   {product} {ergonomic}
   size_t MaxHeapSize                              = 2124414976                                {product} {ergonomic}
   size_t MaxNewSize                               = 1274019840                                {product} {ergonomic}
   size_t MinHeapDeltaBytes                        = 1048576                                   {product} {ergonomic}
    uintx NonNMethodCodeHeapSize                   = 5830732                                {pd product} {ergonomic}
    uintx NonProfiledCodeHeapSize                  = 122913754                              {pd product} {ergonomic}
    uintx ProfiledCodeHeapSize                     = 122913754                              {pd product} {ergonomic}
    uintx ReservedCodeCacheSize                    = 251658240                              {pd product} {ergonomic}
     bool SegmentedCodeCache                       = true                                      {product} {ergonomic}
     bool UseCompressedClassPointers               = true                                 {lp64_product} {ergonomic}
     bool UseCompressedOops                        = true                                 {lp64_product} {ergonomic}
     bool UseG1GC                                  = true                                      {product} {ergonomic}
     bool UseLargePagesIndividualAllocation        = false                                  {pd product} {ergonomic}

Logging:
Log output configuration:
 #0: stdout all=warning uptime,level,tags
 #1: stderr all=off uptime,level,tags

Environment Variables:
PATH=C:\Windows\system32;C:\Windows;C:\Windows\System32\Wbem;C:\Windows\System32\WindowsPowerShell\v1.0\;C:\Windows\System32\OpenSSH\;C:\Program Files\Git\cmd;C:\Windows\system32\wbem;C:\Program Files (x86)\IVT Corporation\BlueSoleil\Mobile;C:\Users\lovess\AppData\Local\Microsoft\WindowsApps;
USERNAME=lovess
OS=Windows_NT
PROCESSOR_IDENTIFIER=Intel64 Family 6 Model 69 Stepping 1, GenuineIntel



---------------  S Y S T E M  ---------------

OS: Windows 10 , 64 bit Build 19041 (10.0.19041.1348)
OS uptime: 0 days 1:10 hours

CPU:total 4 (initial active 4) (2 cores per cpu, 2 threads per core) family 6 model 69 stepping 1 microcode 0x25, cmov, cx8, fxsr, mmx, sse, sse2, sse3, ssse3, sse4.1, sse4.2, popcnt, avx, avx2, aes, clmul, erms, lzcnt, ht, tsc, tscinvbit, bmi1, bmi2, fma

Memory: 4k page, system-wide physical 8100M (894M free)
TotalPageFile size 10148M (AvailPageFile size 31M)
current process WorkingSet (physical memory assigned to process): 366M, peak: 367M
current process commit charge ("private bytes"): 398M, peak: 443M

vm_info: OpenJDK 64-Bit Server VM (11.0.12+7-b1504.28-7817840) for windows-amd64 JRE (11.0.12+7-b1504.28-7817840), built on Oct 13 2021 22:12:33 by "builder" with MS VC++ 14.0 (VS2015)

END.
