#
# There is insufficient memory for the Java Runtime Environment to continue.
# Native memory allocation (malloc) failed to allocate 1821456 bytes for Chunk::new
# Possible reasons:
#   The system is out of physical RAM or swap space
#   The process is running with CompressedOops enabled, and the Java Heap may be blocking the growth of the native heap
# Possible solutions:
#   Reduce memory load on the system
#   Increase physical memory or swap space
#   Check if swap backing store is full
#   Decrease Java heap size (-Xmx/-Xms)
#   Decrease number of Java threads
#   Decrease Java thread stack sizes (-Xss)
#   Set larger code cache with -XX:ReservedCodeCacheSize=
#   JVM is running with Unscaled Compressed Oops mode in which the Java heap is
#     placed in the first 4GB address space. The Java Heap base address is the
#     maximum limit for the native heap growth. Please use -XX:HeapBaseMinAddress
#     to set the Java Heap base and to place the Java Heap above 4GB virtual address.
# This output file may be truncated or incomplete.
#
#  Out of Memory Error (./src/hotspot/share/memory/arena.cpp:197), pid=7440, tid=3852
#
# JRE version: OpenJDK Runtime Environment (11.0.12+7) (build 11.0.12+7-b1504.28-7817840)
# Java VM: OpenJDK 64-Bit Server VM (11.0.12+7-b1504.28-7817840, mixed mode, tiered, compressed oops, g1 gc, windows-amd64)
# No core dump will be written. Minidumps are not enabled by default on client versions of Windows
#

---------------  S U M M A R Y ------------

Command Line: org.jetbrains.kotlin.cli.jvm.K2JVMCompiler @D:\Users\lovess\AndroidStudioProjects\NewsApppp 1.1\app\build\20220630_5887122284419561032.compiler.options

Host: Intel(R) Core(TM) i5-4210U CPU @ 1.70GHz, 4 cores, 7G,  Windows 10 , 64 bit Build 19041 (10.0.19041.1348)
Time: Thu Jun 30 12:08:38 2022 Финляндия (лето) elapsed time: 18.848677 seconds (0d 0h 0m 18s)

---------------  T H R E A D  ---------------

Current thread (0x000001f3769da000):  JavaThread "C2 CompilerThread1" daemon [_thread_in_native, id=3852, stack(0x0000005f3e500000,0x0000005f3e600000)]


Current CompileTask:
C2:  18848 13791       4       org.jetbrains.kotlin.ir.util.TypeTranslator::translateType (623 bytes)

Stack: [0x0000005f3e500000,0x0000005f3e600000]
Native frames: (J=compiled Java code, j=interpreted, Vv=VM code, C=native code)
V  [jvm.dll+0x5fbcea]
V  [jvm.dll+0x731905]
V  [jvm.dll+0x732f1d]
V  [jvm.dll+0x7335d3]
V  [jvm.dll+0x247bf8]
V  [jvm.dll+0xc018c]
V  [jvm.dll+0xc06cc]
V  [jvm.dll+0x35b2db]
V  [jvm.dll+0x328803]
V  [jvm.dll+0x327cfa]
V  [jvm.dll+0x200602]
V  [jvm.dll+0x1ff794]
V  [jvm.dll+0x18868c]
V  [jvm.dll+0x20e0d7]
V  [jvm.dll+0x20c901]
V  [jvm.dll+0x6f9b7f]
V  [jvm.dll+0x6f26a5]
V  [jvm.dll+0x5fabf6]
C  [ucrtbase.dll+0x21bb2]
C  [KERNEL32.DLL+0x17034]
C  [ntdll.dll+0x52651]


---------------  P R O C E S S  ---------------

Threads class SMR info:
_java_thread_list=0x000001f37773cdb0, length=11, elements={
0x000001f3584ab000, 0x000001f372006000, 0x000001f37200a000, 0x000001f372026800,
0x000001f372027000, 0x000001f372029000, 0x000001f372030000, 0x000001f372032000,
0x000001f372035000, 0x000001f372b0d000, 0x000001f3769da000
}

Java Threads: ( => current thread )
  0x000001f3584ab000 JavaThread "main" [_thread_in_vm, id=7472, stack(0x0000005f3d400000,0x0000005f3d500000)]
  0x000001f372006000 JavaThread "Reference Handler" daemon [_thread_blocked, id=4772, stack(0x0000005f3db00000,0x0000005f3dc00000)]
  0x000001f37200a000 JavaThread "Finalizer" daemon [_thread_blocked, id=4356, stack(0x0000005f3dc00000,0x0000005f3dd00000)]
  0x000001f372026800 JavaThread "Signal Dispatcher" daemon [_thread_blocked, id=7588, stack(0x0000005f3dd00000,0x0000005f3de00000)]
  0x000001f372027000 JavaThread "Attach Listener" daemon [_thread_blocked, id=7548, stack(0x0000005f3de00000,0x0000005f3df00000)]
  0x000001f372029000 JavaThread "Service Thread" daemon [_thread_blocked, id=7624, stack(0x0000005f3df00000,0x0000005f3e000000)]
  0x000001f372030000 JavaThread "C2 CompilerThread0" daemon [_thread_in_native, id=6352, stack(0x0000005f3e000000,0x0000005f3e100000)]
  0x000001f372032000 JavaThread "C1 CompilerThread0" daemon [_thread_blocked, id=5784, stack(0x0000005f3e100000,0x0000005f3e200000)]
  0x000001f372035000 JavaThread "Sweeper thread" daemon [_thread_blocked, id=4420, stack(0x0000005f3e200000,0x0000005f3e300000)]
  0x000001f372b0d000 JavaThread "Common-Cleaner" daemon [_thread_blocked, id=7312, stack(0x0000005f3e400000,0x0000005f3e500000)]
=>0x000001f3769da000 JavaThread "C2 CompilerThread1" daemon [_thread_in_native, id=3852, stack(0x0000005f3e500000,0x0000005f3e600000)]

Other Threads:
  0x000001f372002000 VMThread "VM Thread" [stack: 0x0000005f3da00000,0x0000005f3db00000] [id=1800]
  0x000001f372af9800 WatcherThread [stack: 0x0000005f3e300000,0x0000005f3e400000] [id=6860]
  0x000001f3584c3000 GCTaskThread "GC Thread#0" [stack: 0x0000005f3d500000,0x0000005f3d600000] [id=2816]
  0x000001f372f76800 GCTaskThread "GC Thread#1" [stack: 0x0000005f3e600000,0x0000005f3e700000] [id=7400]
  0x000001f372f20000 GCTaskThread "GC Thread#2" [stack: 0x0000005f3e700000,0x0000005f3e800000] [id=3460]
  0x000001f37492a800 GCTaskThread "GC Thread#3" [stack: 0x0000005f3e800000,0x0000005f3e900000] [id=1360]
  0x000001f3584f4800 ConcurrentGCThread "G1 Main Marker" [stack: 0x0000005f3d600000,0x0000005f3d700000] [id=3112]
  0x000001f3584f6000 ConcurrentGCThread "G1 Conc#0" [stack: 0x0000005f3d700000,0x0000005f3d800000] [id=2608]
  0x000001f358586000 ConcurrentGCThread "G1 Refine#0" [stack: 0x0000005f3d800000,0x0000005f3d900000] [id=1068]
  0x000001f358588800 ConcurrentGCThread "G1 Young RemSet Sampling" [stack: 0x0000005f3d900000,0x0000005f3da00000] [id=1044]

Threads with active compile tasks:
C2 CompilerThread0  18871 13792       4       org.jetbrains.kotlin.ir.util.TypeTranslator::translateTypeAnnotations (229 bytes)
C2 CompilerThread1  18871 13791       4       org.jetbrains.kotlin.ir.util.TypeTranslator::translateType (623 bytes)

VM state:not at safepoint (normal execution)

VM Mutex/Monitor currently owned by a thread: None

Heap address: 0x0000000081600000, size: 2026 MB, Compressed Oops mode: 32-bit
Narrow klass base: 0x0000000000000000, Narrow klass shift: 3
Compressed class space size: 1073741824 Address: 0x0000000100000000

Heap:
 garbage-first heap   total 204800K, used 109161K [0x0000000081600000, 0x0000000100000000)
  region size 1024K, 48 young (49152K), 9 survivors (9216K)
 Metaspace       used 89250K, capacity 90189K, committed 90416K, reserved 1130496K
  class space    used 9666K, capacity 10051K, committed 10112K, reserved 1048576K
Heap Regions: E=young(eden), S=young(survivor), O=old, HS=humongous(starts), HC=humongous(continues), CS=collection set, F=free, A=archive, TAMS=top-at-mark-start (previous, next)
|   0|0x0000000081600000, 0x0000000081700000, 0x0000000081700000|100%|HS|  |TAMS 0x0000000081700000, 0x0000000081600000| Complete 
|   1|0x0000000081700000, 0x0000000081800000, 0x0000000081800000|100%|HC|  |TAMS 0x0000000081800000, 0x0000000081700000| Complete 
|   2|0x0000000081800000, 0x0000000081900000, 0x0000000081900000|100%|HC|  |TAMS 0x0000000081900000, 0x0000000081800000| Complete 
|   3|0x0000000081900000, 0x0000000081a00000, 0x0000000081a00000|100%| O|  |TAMS 0x0000000081a00000, 0x0000000081900000| Untracked 
|   4|0x0000000081a00000, 0x0000000081b00000, 0x0000000081b00000|100%| O|  |TAMS 0x0000000081b00000, 0x0000000081a00000| Untracked 
|   5|0x0000000081b00000, 0x0000000081c00000, 0x0000000081c00000|100%|HS|  |TAMS 0x0000000081c00000, 0x0000000081b00000| Complete 
|   6|0x0000000081c00000, 0x0000000081d00000, 0x0000000081d00000|100%|HC|  |TAMS 0x0000000081d00000, 0x0000000081c00000| Complete 
|   7|0x0000000081d00000, 0x0000000081e00000, 0x0000000081e00000|100%|HC|  |TAMS 0x0000000081e00000, 0x0000000081d00000| Complete 
|   8|0x0000000081e00000, 0x0000000081f00000, 0x0000000081f00000|100%|HS|  |TAMS 0x0000000081f00000, 0x0000000081e00000| Complete 
|   9|0x0000000081f00000, 0x0000000082000000, 0x0000000082000000|100%|HC|  |TAMS 0x0000000082000000, 0x0000000081f00000| Complete 
|  10|0x0000000082000000, 0x0000000082100000, 0x0000000082100000|100%| O|  |TAMS 0x0000000082100000, 0x0000000082000000| Untracked 
|  11|0x0000000082100000, 0x0000000082200000, 0x0000000082200000|100%| O|  |TAMS 0x0000000082200000, 0x0000000082100000| Untracked 
|  12|0x0000000082200000, 0x0000000082300000, 0x0000000082300000|100%| O|  |TAMS 0x0000000082300000, 0x0000000082200000| Untracked 
|  13|0x0000000082300000, 0x0000000082400000, 0x0000000082400000|100%| O|  |TAMS 0x0000000082400000, 0x0000000082300000| Untracked 
|  14|0x0000000082400000, 0x0000000082500000, 0x0000000082500000|100%| O|  |TAMS 0x0000000082500000, 0x0000000082400000| Untracked 
|  15|0x0000000082500000, 0x0000000082600000, 0x0000000082600000|100%| O|  |TAMS 0x0000000082600000, 0x0000000082500000| Untracked 
|  16|0x0000000082600000, 0x0000000082700000, 0x0000000082700000|100%| O|  |TAMS 0x0000000082700000, 0x0000000082600000| Untracked 
|  17|0x0000000082700000, 0x0000000082800000, 0x0000000082800000|100%| O|  |TAMS 0x0000000082800000, 0x0000000082700000| Untracked 
|  18|0x0000000082800000, 0x0000000082900000, 0x0000000082900000|100%| O|  |TAMS 0x0000000082900000, 0x0000000082800000| Untracked 
|  19|0x0000000082900000, 0x0000000082a00000, 0x0000000082a00000|100%| O|  |TAMS 0x0000000082a00000, 0x0000000082900000| Untracked 
|  20|0x0000000082a00000, 0x0000000082b00000, 0x0000000082b00000|100%| O|  |TAMS 0x0000000082b00000, 0x0000000082a00000| Untracked 
|  21|0x0000000082b00000, 0x0000000082c00000, 0x0000000082c00000|100%| O|  |TAMS 0x0000000082c00000, 0x0000000082b00000| Untracked 
|  22|0x0000000082c00000, 0x0000000082d00000, 0x0000000082d00000|100%| O|  |TAMS 0x0000000082d00000, 0x0000000082c00000| Untracked 
|  23|0x0000000082d00000, 0x0000000082e00000, 0x0000000082e00000|100%| O|  |TAMS 0x0000000082e00000, 0x0000000082d00000| Untracked 
|  24|0x0000000082e00000, 0x0000000082f00000, 0x0000000082f00000|100%| O|  |TAMS 0x0000000082f00000, 0x0000000082e00000| Untracked 
|  25|0x0000000082f00000, 0x0000000083000000, 0x0000000083000000|100%| O|  |TAMS 0x0000000083000000, 0x0000000082f00000| Untracked 
|  26|0x0000000083000000, 0x0000000083100000, 0x0000000083100000|100%| O|  |TAMS 0x0000000083100000, 0x0000000083000000| Untracked 
|  27|0x0000000083100000, 0x0000000083200000, 0x0000000083200000|100%| O|  |TAMS 0x0000000083200000, 0x0000000083100000| Untracked 
|  28|0x0000000083200000, 0x0000000083300000, 0x0000000083300000|100%| O|  |TAMS 0x0000000083300000, 0x0000000083200000| Untracked 
|  29|0x0000000083300000, 0x0000000083400000, 0x0000000083400000|100%| O|  |TAMS 0x0000000083400000, 0x0000000083300000| Untracked 
|  30|0x0000000083400000, 0x0000000083500000, 0x0000000083500000|100%| O|  |TAMS 0x0000000083500000, 0x0000000083400000| Untracked 
|  31|0x0000000083500000, 0x0000000083600000, 0x0000000083600000|100%| O|  |TAMS 0x0000000083600000, 0x0000000083500000| Untracked 
|  32|0x0000000083600000, 0x0000000083700000, 0x0000000083700000|100%| O|  |TAMS 0x0000000083700000, 0x0000000083600000| Untracked 
|  33|0x0000000083700000, 0x0000000083800000, 0x0000000083800000|100%| O|  |TAMS 0x0000000083800000, 0x0000000083700000| Untracked 
|  34|0x0000000083800000, 0x0000000083900000, 0x0000000083900000|100%| O|  |TAMS 0x0000000083900000, 0x0000000083800000| Untracked 
|  35|0x0000000083900000, 0x0000000083a00000, 0x0000000083a00000|100%| O|  |TAMS 0x0000000083a00000, 0x0000000083900000| Untracked 
|  36|0x0000000083a00000, 0x0000000083b00000, 0x0000000083b00000|100%| O|  |TAMS 0x0000000083b00000, 0x0000000083a00000| Untracked 
|  37|0x0000000083b00000, 0x0000000083c00000, 0x0000000083c00000|100%| O|  |TAMS 0x0000000083c00000, 0x0000000083b00000| Untracked 
|  38|0x0000000083c00000, 0x0000000083d00000, 0x0000000083d00000|100%| O|  |TAMS 0x0000000083d00000, 0x0000000083c00000| Untracked 
|  39|0x0000000083d00000, 0x0000000083e00000, 0x0000000083e00000|100%| O|  |TAMS 0x0000000083e00000, 0x0000000083d00000| Untracked 
|  40|0x0000000083e00000, 0x0000000083f00000, 0x0000000083f00000|100%| O|  |TAMS 0x0000000083f00000, 0x0000000083e00000| Untracked 
|  41|0x0000000083f00000, 0x0000000084000000, 0x0000000084000000|100%| O|  |TAMS 0x0000000084000000, 0x0000000083f00000| Untracked 
|  42|0x0000000084000000, 0x0000000084100000, 0x0000000084100000|100%| O|  |TAMS 0x0000000084100000, 0x0000000084000000| Untracked 
|  43|0x0000000084100000, 0x0000000084200000, 0x0000000084200000|100%| O|  |TAMS 0x0000000084200000, 0x0000000084100000| Untracked 
|  44|0x0000000084200000, 0x0000000084300000, 0x0000000084300000|100%| O|  |TAMS 0x0000000084300000, 0x0000000084200000| Untracked 
|  45|0x0000000084300000, 0x0000000084400000, 0x0000000084400000|100%| O|  |TAMS 0x0000000084400000, 0x0000000084300000| Untracked 
|  46|0x0000000084400000, 0x0000000084500000, 0x0000000084500000|100%| O|  |TAMS 0x0000000084500000, 0x0000000084400000| Untracked 
|  47|0x0000000084500000, 0x0000000084600000, 0x0000000084600000|100%| O|  |TAMS 0x0000000084600000, 0x0000000084500000| Untracked 
|  48|0x0000000084600000, 0x0000000084700000, 0x0000000084700000|100%| O|  |TAMS 0x0000000084700000, 0x0000000084600000| Untracked 
|  49|0x0000000084700000, 0x0000000084800000, 0x0000000084800000|100%| O|  |TAMS 0x0000000084800000, 0x0000000084700000| Untracked 
|  50|0x0000000084800000, 0x0000000084900000, 0x0000000084900000|100%| O|  |TAMS 0x0000000084900000, 0x0000000084800000| Untracked 
|  51|0x0000000084900000, 0x0000000084a00000, 0x0000000084a00000|100%| O|  |TAMS 0x0000000084a00000, 0x0000000084900000| Untracked 
|  52|0x0000000084a00000, 0x0000000084b00000, 0x0000000084b00000|100%| O|  |TAMS 0x0000000084b00000, 0x0000000084a00000| Untracked 
|  53|0x0000000084b00000, 0x0000000084c00000, 0x0000000084c00000|100%| O|  |TAMS 0x0000000084c00000, 0x0000000084b00000| Untracked 
|  54|0x0000000084c00000, 0x0000000084d00000, 0x0000000084d00000|100%| O|  |TAMS 0x0000000084d00000, 0x0000000084c00000| Untracked 
|  55|0x0000000084d00000, 0x0000000084e00000, 0x0000000084e00000|100%| O|  |TAMS 0x0000000084e00000, 0x0000000084d00000| Untracked 
|  56|0x0000000084e00000, 0x0000000084f00000, 0x0000000084f00000|100%| O|  |TAMS 0x0000000084f00000, 0x0000000084e00000| Untracked 
|  57|0x0000000084f00000, 0x0000000085000000, 0x0000000085000000|100%| O|  |TAMS 0x0000000085000000, 0x0000000084f00000| Untracked 
|  58|0x0000000085000000, 0x0000000085100000, 0x0000000085100000|100%| O|  |TAMS 0x0000000085100000, 0x0000000085000000| Untracked 
|  59|0x0000000085100000, 0x00000000851d2200, 0x0000000085200000| 82%| O|  |TAMS 0x00000000851d2200, 0x0000000085100000| Untracked 
|  60|0x0000000085200000, 0x0000000085200000, 0x0000000085300000|  0%| F|  |TAMS 0x0000000085200000, 0x0000000085200000| Untracked 
|  61|0x0000000085300000, 0x0000000085300000, 0x0000000085400000|  0%| F|  |TAMS 0x0000000085300000, 0x0000000085300000| Untracked 
|  62|0x0000000085400000, 0x0000000085400000, 0x0000000085500000|  0%| F|  |TAMS 0x0000000085400000, 0x0000000085400000| Untracked 
|  63|0x0000000085500000, 0x0000000085500000, 0x0000000085600000|  0%| F|  |TAMS 0x0000000085500000, 0x0000000085500000| Untracked 
|  64|0x0000000085600000, 0x0000000085600000, 0x0000000085700000|  0%| F|  |TAMS 0x0000000085600000, 0x0000000085600000| Untracked 
|  65|0x0000000085700000, 0x0000000085700000, 0x0000000085800000|  0%| F|  |TAMS 0x0000000085700000, 0x0000000085700000| Untracked 
|  66|0x0000000085800000, 0x0000000085800000, 0x0000000085900000|  0%| F|  |TAMS 0x0000000085800000, 0x0000000085800000| Untracked 
|  67|0x0000000085900000, 0x0000000085900000, 0x0000000085a00000|  0%| F|  |TAMS 0x0000000085900000, 0x0000000085900000| Untracked 
|  68|0x0000000085a00000, 0x0000000085a00000, 0x0000000085b00000|  0%| F|  |TAMS 0x0000000085a00000, 0x0000000085a00000| Untracked 
|  69|0x0000000085b00000, 0x0000000085b00000, 0x0000000085c00000|  0%| F|  |TAMS 0x0000000085b00000, 0x0000000085b00000| Untracked 
|  70|0x0000000085c00000, 0x0000000085c00000, 0x0000000085d00000|  0%| F|  |TAMS 0x0000000085c00000, 0x0000000085c00000| Untracked 
|  71|0x0000000085d00000, 0x0000000085d00000, 0x0000000085e00000|  0%| F|  |TAMS 0x0000000085d00000, 0x0000000085d00000| Untracked 
|  72|0x0000000085e00000, 0x0000000085e00000, 0x0000000085f00000|  0%| F|  |TAMS 0x0000000085e00000, 0x0000000085e00000| Untracked 
|  73|0x0000000085f00000, 0x0000000085f00000, 0x0000000086000000|  0%| F|  |TAMS 0x0000000085f00000, 0x0000000085f00000| Untracked 
|  74|0x0000000086000000, 0x0000000086000000, 0x0000000086100000|  0%| F|  |TAMS 0x0000000086000000, 0x0000000086000000| Untracked 
|  75|0x0000000086100000, 0x0000000086100000, 0x0000000086200000|  0%| F|  |TAMS 0x0000000086100000, 0x0000000086100000| Untracked 
|  76|0x0000000086200000, 0x0000000086200000, 0x0000000086300000|  0%| F|  |TAMS 0x0000000086200000, 0x0000000086200000| Untracked 
|  77|0x0000000086300000, 0x0000000086300000, 0x0000000086400000|  0%| F|  |TAMS 0x0000000086300000, 0x0000000086300000| Untracked 
|  78|0x0000000086400000, 0x0000000086400000, 0x0000000086500000|  0%| F|  |TAMS 0x0000000086400000, 0x0000000086400000| Untracked 
|  79|0x0000000086500000, 0x0000000086500000, 0x0000000086600000|  0%| F|  |TAMS 0x0000000086500000, 0x0000000086500000| Untracked 
|  80|0x0000000086600000, 0x0000000086600000, 0x0000000086700000|  0%| F|  |TAMS 0x0000000086600000, 0x0000000086600000| Untracked 
|  81|0x0000000086700000, 0x0000000086700000, 0x0000000086800000|  0%| F|  |TAMS 0x0000000086700000, 0x0000000086700000| Untracked 
|  82|0x0000000086800000, 0x0000000086800000, 0x0000000086900000|  0%| F|  |TAMS 0x0000000086800000, 0x0000000086800000| Untracked 
|  83|0x0000000086900000, 0x0000000086900000, 0x0000000086a00000|  0%| F|  |TAMS 0x0000000086900000, 0x0000000086900000| Untracked 
|  84|0x0000000086a00000, 0x0000000086a00000, 0x0000000086b00000|  0%| F|  |TAMS 0x0000000086a00000, 0x0000000086a00000| Untracked 
|  85|0x0000000086b00000, 0x0000000086b00000, 0x0000000086c00000|  0%| F|  |TAMS 0x0000000086b00000, 0x0000000086b00000| Untracked 
|  86|0x0000000086c00000, 0x0000000086c00000, 0x0000000086d00000|  0%| F|  |TAMS 0x0000000086c00000, 0x0000000086c00000| Untracked 
|  87|0x0000000086d00000, 0x0000000086d00000, 0x0000000086e00000|  0%| F|  |TAMS 0x0000000086d00000, 0x0000000086d00000| Untracked 
|  88|0x0000000086e00000, 0x0000000086e00000, 0x0000000086f00000|  0%| F|  |TAMS 0x0000000086e00000, 0x0000000086e00000| Untracked 
|  89|0x0000000086f00000, 0x0000000086f00000, 0x0000000087000000|  0%| F|  |TAMS 0x0000000086f00000, 0x0000000086f00000| Untracked 
|  90|0x0000000087000000, 0x0000000087000000, 0x0000000087100000|  0%| F|  |TAMS 0x0000000087000000, 0x0000000087000000| Untracked 
|  91|0x0000000087100000, 0x0000000087100000, 0x0000000087200000|  0%| F|  |TAMS 0x0000000087100000, 0x0000000087100000| Untracked 
|  92|0x0000000087200000, 0x0000000087200000, 0x0000000087300000|  0%| F|  |TAMS 0x0000000087200000, 0x0000000087200000| Untracked 
|  93|0x0000000087300000, 0x0000000087300000, 0x0000000087400000|  0%| F|  |TAMS 0x0000000087300000, 0x0000000087300000| Untracked 
|  94|0x0000000087400000, 0x0000000087400000, 0x0000000087500000|  0%| F|  |TAMS 0x0000000087400000, 0x0000000087400000| Untracked 
|  95|0x0000000087500000, 0x0000000087500000, 0x0000000087600000|  0%| F|  |TAMS 0x0000000087500000, 0x0000000087500000| Untracked 
|  96|0x0000000087600000, 0x0000000087600000, 0x0000000087700000|  0%| F|  |TAMS 0x0000000087600000, 0x0000000087600000| Untracked 
|  97|0x0000000087700000, 0x0000000087700000, 0x0000000087800000|  0%| F|  |TAMS 0x0000000087700000, 0x0000000087700000| Untracked 
|  98|0x0000000087800000, 0x0000000087800000, 0x0000000087900000|  0%| F|  |TAMS 0x0000000087800000, 0x0000000087800000| Untracked 
|  99|0x0000000087900000, 0x0000000087900000, 0x0000000087a00000|  0%| F|  |TAMS 0x0000000087900000, 0x0000000087900000| Untracked 
| 100|0x0000000087a00000, 0x0000000087a00000, 0x0000000087b00000|  0%| F|  |TAMS 0x0000000087a00000, 0x0000000087a00000| Untracked 
| 101|0x0000000087b00000, 0x0000000087b00000, 0x0000000087c00000|  0%| F|  |TAMS 0x0000000087b00000, 0x0000000087b00000| Untracked 
| 102|0x0000000087c00000, 0x0000000087c00000, 0x0000000087d00000|  0%| F|  |TAMS 0x0000000087c00000, 0x0000000087c00000| Untracked 
| 103|0x0000000087d00000, 0x0000000087d00000, 0x0000000087e00000|  0%| F|  |TAMS 0x0000000087d00000, 0x0000000087d00000| Untracked 
| 104|0x0000000087e00000, 0x0000000087e00000, 0x0000000087f00000|  0%| F|  |TAMS 0x0000000087e00000, 0x0000000087e00000| Untracked 
| 105|0x0000000087f00000, 0x0000000087f00000, 0x0000000088000000|  0%| F|  |TAMS 0x0000000087f00000, 0x0000000087f00000| Untracked 
| 106|0x0000000088000000, 0x0000000088000000, 0x0000000088100000|  0%| F|  |TAMS 0x0000000088000000, 0x0000000088000000| Untracked 
| 107|0x0000000088100000, 0x0000000088100000, 0x0000000088200000|  0%| F|  |TAMS 0x0000000088100000, 0x0000000088100000| Untracked 
| 108|0x0000000088200000, 0x0000000088200000, 0x0000000088300000|  0%| F|  |TAMS 0x0000000088200000, 0x0000000088200000| Untracked 
| 109|0x0000000088300000, 0x0000000088300000, 0x0000000088400000|  0%| F|  |TAMS 0x0000000088300000, 0x0000000088300000| Untracked 
| 110|0x0000000088400000, 0x00000000884c82e0, 0x0000000088500000| 78%| S|CS|TAMS 0x0000000088400000, 0x0000000088400000| Complete 
| 111|0x0000000088500000, 0x0000000088600000, 0x0000000088600000|100%| S|CS|TAMS 0x0000000088500000, 0x0000000088500000| Complete 
| 112|0x0000000088600000, 0x0000000088700000, 0x0000000088700000|100%| S|CS|TAMS 0x0000000088600000, 0x0000000088600000| Complete 
| 113|0x0000000088700000, 0x0000000088800000, 0x0000000088800000|100%| S|CS|TAMS 0x0000000088700000, 0x0000000088700000| Complete 
| 114|0x0000000088800000, 0x0000000088900000, 0x0000000088900000|100%| S|CS|TAMS 0x0000000088800000, 0x0000000088800000| Complete 
| 115|0x0000000088900000, 0x0000000088a00000, 0x0000000088a00000|100%| S|CS|TAMS 0x0000000088900000, 0x0000000088900000| Complete 
| 116|0x0000000088a00000, 0x0000000088b00000, 0x0000000088b00000|100%| S|CS|TAMS 0x0000000088a00000, 0x0000000088a00000| Complete 
| 117|0x0000000088b00000, 0x0000000088c00000, 0x0000000088c00000|100%| S|CS|TAMS 0x0000000088b00000, 0x0000000088b00000| Complete 
| 118|0x0000000088c00000, 0x0000000088d00000, 0x0000000088d00000|100%| S|CS|TAMS 0x0000000088c00000, 0x0000000088c00000| Complete 
| 119|0x0000000088d00000, 0x0000000088d00000, 0x0000000088e00000|  0%| F|  |TAMS 0x0000000088d00000, 0x0000000088d00000| Untracked 
| 120|0x0000000088e00000, 0x0000000088e00000, 0x0000000088f00000|  0%| F|  |TAMS 0x0000000088e00000, 0x0000000088e00000| Untracked 
| 121|0x0000000088f00000, 0x0000000088f00000, 0x0000000089000000|  0%| F|  |TAMS 0x0000000088f00000, 0x0000000088f00000| Untracked 
| 122|0x0000000089000000, 0x0000000089000000, 0x0000000089100000|  0%| F|  |TAMS 0x0000000089000000, 0x0000000089000000| Untracked 
| 123|0x0000000089100000, 0x0000000089100000, 0x0000000089200000|  0%| F|  |TAMS 0x0000000089100000, 0x0000000089100000| Untracked 
| 124|0x0000000089200000, 0x0000000089200000, 0x0000000089300000|  0%| F|  |TAMS 0x0000000089200000, 0x0000000089200000| Untracked 
| 125|0x0000000089300000, 0x0000000089300000, 0x0000000089400000|  0%| F|  |TAMS 0x0000000089300000, 0x0000000089300000| Untracked 
| 126|0x0000000089400000, 0x0000000089400000, 0x0000000089500000|  0%| F|  |TAMS 0x0000000089400000, 0x0000000089400000| Untracked 
| 127|0x0000000089500000, 0x0000000089500000, 0x0000000089600000|  0%| F|  |TAMS 0x0000000089500000, 0x0000000089500000| Untracked 
| 128|0x0000000089600000, 0x0000000089600000, 0x0000000089700000|  0%| F|  |TAMS 0x0000000089600000, 0x0000000089600000| Untracked 
| 129|0x0000000089700000, 0x0000000089700000, 0x0000000089800000|  0%| F|  |TAMS 0x0000000089700000, 0x0000000089700000| Untracked 
| 130|0x0000000089800000, 0x0000000089800000, 0x0000000089900000|  0%| F|  |TAMS 0x0000000089800000, 0x0000000089800000| Untracked 
| 131|0x0000000089900000, 0x0000000089900000, 0x0000000089a00000|  0%| F|  |TAMS 0x0000000089900000, 0x0000000089900000| Untracked 
| 132|0x0000000089a00000, 0x0000000089a00000, 0x0000000089b00000|  0%| F|  |TAMS 0x0000000089a00000, 0x0000000089a00000| Untracked 
| 133|0x0000000089b00000, 0x0000000089b00000, 0x0000000089c00000|  0%| F|  |TAMS 0x0000000089b00000, 0x0000000089b00000| Untracked 
| 134|0x0000000089c00000, 0x0000000089c00000, 0x0000000089d00000|  0%| F|  |TAMS 0x0000000089c00000, 0x0000000089c00000| Untracked 
| 135|0x0000000089d00000, 0x0000000089d00000, 0x0000000089e00000|  0%| F|  |TAMS 0x0000000089d00000, 0x0000000089d00000| Untracked 
| 136|0x0000000089e00000, 0x0000000089e00000, 0x0000000089f00000|  0%| F|  |TAMS 0x0000000089e00000, 0x0000000089e00000| Untracked 
| 137|0x0000000089f00000, 0x0000000089f00000, 0x000000008a000000|  0%| F|  |TAMS 0x0000000089f00000, 0x0000000089f00000| Untracked 
| 138|0x000000008a000000, 0x000000008a000000, 0x000000008a100000|  0%| F|  |TAMS 0x000000008a000000, 0x000000008a000000| Untracked 
| 139|0x000000008a100000, 0x000000008a100000, 0x000000008a200000|  0%| F|  |TAMS 0x000000008a100000, 0x000000008a100000| Untracked 
| 140|0x000000008a200000, 0x000000008a200000, 0x000000008a300000|  0%| F|  |TAMS 0x000000008a200000, 0x000000008a200000| Untracked 
| 141|0x000000008a300000, 0x000000008a300000, 0x000000008a400000|  0%| F|  |TAMS 0x000000008a300000, 0x000000008a300000| Untracked 
| 142|0x000000008a400000, 0x000000008a400000, 0x000000008a500000|  0%| F|  |TAMS 0x000000008a400000, 0x000000008a400000| Untracked 
| 143|0x000000008a500000, 0x000000008a500000, 0x000000008a600000|  0%| F|  |TAMS 0x000000008a500000, 0x000000008a500000| Untracked 
| 144|0x000000008a600000, 0x000000008a600000, 0x000000008a700000|  0%| F|  |TAMS 0x000000008a600000, 0x000000008a600000| Untracked 
| 145|0x000000008a700000, 0x000000008a700000, 0x000000008a800000|  0%| F|  |TAMS 0x000000008a700000, 0x000000008a700000| Untracked 
| 146|0x000000008a800000, 0x000000008a800000, 0x000000008a900000|  0%| F|  |TAMS 0x000000008a800000, 0x000000008a800000| Untracked 
| 147|0x000000008a900000, 0x000000008a900000, 0x000000008aa00000|  0%| F|  |TAMS 0x000000008a900000, 0x000000008a900000| Untracked 
| 148|0x000000008aa00000, 0x000000008aa00000, 0x000000008ab00000|  0%| F|  |TAMS 0x000000008aa00000, 0x000000008aa00000| Untracked 
| 149|0x000000008ab00000, 0x000000008ab00000, 0x000000008ac00000|  0%| F|  |TAMS 0x000000008ab00000, 0x000000008ab00000| Untracked 
| 150|0x000000008ac00000, 0x000000008ac00000, 0x000000008ad00000|  0%| F|  |TAMS 0x000000008ac00000, 0x000000008ac00000| Untracked 
| 151|0x000000008ad00000, 0x000000008ad00000, 0x000000008ae00000|  0%| F|  |TAMS 0x000000008ad00000, 0x000000008ad00000| Untracked 
| 152|0x000000008ae00000, 0x000000008ae00000, 0x000000008af00000|  0%| F|  |TAMS 0x000000008ae00000, 0x000000008ae00000| Untracked 
| 153|0x000000008af00000, 0x000000008af00000, 0x000000008b000000|  0%| F|  |TAMS 0x000000008af00000, 0x000000008af00000| Untracked 
| 154|0x000000008b000000, 0x000000008b000000, 0x000000008b100000|  0%| F|  |TAMS 0x000000008b000000, 0x000000008b000000| Untracked 
| 155|0x000000008b100000, 0x000000008b100000, 0x000000008b200000|  0%| F|  |TAMS 0x000000008b100000, 0x000000008b100000| Untracked 
| 156|0x000000008b200000, 0x000000008b200000, 0x000000008b300000|  0%| F|  |TAMS 0x000000008b200000, 0x000000008b200000| Untracked 
| 157|0x000000008b300000, 0x000000008b300000, 0x000000008b400000|  0%| F|  |TAMS 0x000000008b300000, 0x000000008b300000| Untracked 
| 158|0x000000008b400000, 0x000000008b400000, 0x000000008b500000|  0%| F|  |TAMS 0x000000008b400000, 0x000000008b400000| Untracked 
| 159|0x000000008b500000, 0x000000008b500000, 0x000000008b600000|  0%| F|  |TAMS 0x000000008b500000, 0x000000008b500000| Untracked 
| 160|0x000000008b600000, 0x000000008b600000, 0x000000008b700000|  0%| F|  |TAMS 0x000000008b600000, 0x000000008b600000| Untracked 
| 161|0x000000008b700000, 0x000000008b800000, 0x000000008b800000|100%| E|  |TAMS 0x000000008b700000, 0x000000008b700000| Complete 
| 162|0x000000008b800000, 0x000000008b900000, 0x000000008b900000|100%| E|CS|TAMS 0x000000008b800000, 0x000000008b800000| Complete 
| 163|0x000000008b900000, 0x000000008ba00000, 0x000000008ba00000|100%| E|CS|TAMS 0x000000008b900000, 0x000000008b900000| Complete 
| 164|0x000000008ba00000, 0x000000008bb00000, 0x000000008bb00000|100%| E|CS|TAMS 0x000000008ba00000, 0x000000008ba00000| Complete 
| 165|0x000000008bb00000, 0x000000008bc00000, 0x000000008bc00000|100%| E|CS|TAMS 0x000000008bb00000, 0x000000008bb00000| Complete 
| 166|0x000000008bc00000, 0x000000008bd00000, 0x000000008bd00000|100%| E|CS|TAMS 0x000000008bc00000, 0x000000008bc00000| Complete 
| 167|0x000000008bd00000, 0x000000008be00000, 0x000000008be00000|100%| E|CS|TAMS 0x000000008bd00000, 0x000000008bd00000| Complete 
| 168|0x000000008be00000, 0x000000008bf00000, 0x000000008bf00000|100%| E|CS|TAMS 0x000000008be00000, 0x000000008be00000| Complete 
| 169|0x000000008bf00000, 0x000000008c000000, 0x000000008c000000|100%| E|CS|TAMS 0x000000008bf00000, 0x000000008bf00000| Complete 
| 170|0x000000008c000000, 0x000000008c100000, 0x000000008c100000|100%| E|CS|TAMS 0x000000008c000000, 0x000000008c000000| Complete 
| 171|0x000000008c100000, 0x000000008c200000, 0x000000008c200000|100%| E|CS|TAMS 0x000000008c100000, 0x000000008c100000| Complete 
| 172|0x000000008c200000, 0x000000008c300000, 0x000000008c300000|100%| E|CS|TAMS 0x000000008c200000, 0x000000008c200000| Complete 
| 173|0x000000008c300000, 0x000000008c400000, 0x000000008c400000|100%| E|CS|TAMS 0x000000008c300000, 0x000000008c300000| Complete 
| 174|0x000000008c400000, 0x000000008c500000, 0x000000008c500000|100%| E|CS|TAMS 0x000000008c400000, 0x000000008c400000| Complete 
| 175|0x000000008c500000, 0x000000008c600000, 0x000000008c600000|100%| E|CS|TAMS 0x000000008c500000, 0x000000008c500000| Complete 
| 176|0x000000008c600000, 0x000000008c700000, 0x000000008c700000|100%| E|CS|TAMS 0x000000008c600000, 0x000000008c600000| Complete 
| 177|0x000000008c700000, 0x000000008c800000, 0x000000008c800000|100%| E|CS|TAMS 0x000000008c700000, 0x000000008c700000| Complete 
| 178|0x000000008c800000, 0x000000008c900000, 0x000000008c900000|100%| E|CS|TAMS 0x000000008c800000, 0x000000008c800000| Complete 
| 179|0x000000008c900000, 0x000000008ca00000, 0x000000008ca00000|100%| E|CS|TAMS 0x000000008c900000, 0x000000008c900000| Complete 
| 180|0x000000008ca00000, 0x000000008cb00000, 0x000000008cb00000|100%| E|CS|TAMS 0x000000008ca00000, 0x000000008ca00000| Complete 
| 181|0x000000008cb00000, 0x000000008cc00000, 0x000000008cc00000|100%| E|CS|TAMS 0x000000008cb00000, 0x000000008cb00000| Complete 
| 182|0x000000008cc00000, 0x000000008cd00000, 0x000000008cd00000|100%| E|CS|TAMS 0x000000008cc00000, 0x000000008cc00000| Complete 
| 183|0x000000008cd00000, 0x000000008ce00000, 0x000000008ce00000|100%| E|CS|TAMS 0x000000008cd00000, 0x000000008cd00000| Complete 
| 184|0x000000008ce00000, 0x000000008cf00000, 0x000000008cf00000|100%| E|CS|TAMS 0x000000008ce00000, 0x000000008ce00000| Complete 
| 185|0x000000008cf00000, 0x000000008d000000, 0x000000008d000000|100%| E|CS|TAMS 0x000000008cf00000, 0x000000008cf00000| Complete 
| 186|0x000000008d000000, 0x000000008d100000, 0x000000008d100000|100%| E|CS|TAMS 0x000000008d000000, 0x000000008d000000| Complete 
| 187|0x000000008d100000, 0x000000008d200000, 0x000000008d200000|100%| E|CS|TAMS 0x000000008d100000, 0x000000008d100000| Complete 
| 188|0x000000008d200000, 0x000000008d300000, 0x000000008d300000|100%| E|CS|TAMS 0x000000008d200000, 0x000000008d200000| Complete 
| 189|0x000000008d300000, 0x000000008d400000, 0x000000008d400000|100%| E|CS|TAMS 0x000000008d300000, 0x000000008d300000| Complete 
| 190|0x000000008d400000, 0x000000008d500000, 0x000000008d500000|100%| E|CS|TAMS 0x000000008d400000, 0x000000008d400000| Complete 
| 191|0x000000008d500000, 0x000000008d600000, 0x000000008d600000|100%| E|CS|TAMS 0x000000008d500000, 0x000000008d500000| Complete 
| 192|0x000000008d600000, 0x000000008d700000, 0x000000008d700000|100%| E|CS|TAMS 0x000000008d600000, 0x000000008d600000| Complete 
| 193|0x000000008d700000, 0x000000008d800000, 0x000000008d800000|100%| E|CS|TAMS 0x000000008d700000, 0x000000008d700000| Complete 
| 194|0x000000008d800000, 0x000000008d900000, 0x000000008d900000|100%| E|CS|TAMS 0x000000008d800000, 0x000000008d800000| Complete 
| 195|0x000000008d900000, 0x000000008da00000, 0x000000008da00000|100%| E|CS|TAMS 0x000000008d900000, 0x000000008d900000| Complete 
| 196|0x000000008da00000, 0x000000008db00000, 0x000000008db00000|100%| E|CS|TAMS 0x000000008da00000, 0x000000008da00000| Complete 
| 197|0x000000008db00000, 0x000000008dc00000, 0x000000008dc00000|100%| E|CS|TAMS 0x000000008db00000, 0x000000008db00000| Complete 
| 198|0x000000008dc00000, 0x000000008dd00000, 0x000000008dd00000|100%| E|CS|TAMS 0x000000008dc00000, 0x000000008dc00000| Complete 
| 199|0x000000008dd00000, 0x000000008de00000, 0x000000008de00000|100%| E|CS|TAMS 0x000000008dd00000, 0x000000008dd00000| Complete 

Card table byte_map: [0x000001f36b3c0000,0x000001f36b7c0000] _byte_map_base: 0x000001f36afb5000

Marking Bits (Prev, Next): (CMBitMap*) 0x000001f3584ebaa0, (CMBitMap*) 0x000001f3584eba68
 Prev Bits: [0x000001f36db70000, 0x000001f36fb18000)
 Next Bits: [0x000001f36bbc0000, 0x000001f36db68000)

Polling page: 0x000001f3564d0000

Metaspace:

Usage:
  Non-class:     78.32 MB capacity,    77.77 MB (>99%) used,   419.45 KB ( <1%) free+waste,   142.75 KB ( <1%) overhead. 
      Class:      9.82 MB capacity,     9.45 MB ( 96%) used,   319.53 KB (  3%) free+waste,    58.81 KB ( <1%) overhead. 
       Both:     88.14 MB capacity,    87.22 MB ( 99%) used,   738.98 KB ( <1%) free+waste,   201.56 KB ( <1%) overhead. 

Virtual space:
  Non-class space:       80.00 MB reserved,      78.42 MB ( 98%) committed 
      Class space:        1.00 GB reserved,       9.88 MB ( <1%) committed 
             Both:        1.08 GB reserved,      88.30 MB (  8%) committed 

Chunk freelists:
   Non-Class:  38.00 KB
       Class:  29.00 KB
        Both:  67.00 KB

MaxMetaspaceSize: 17179869184.00 GB
CompressedClassSpaceSize: 1.00 GB
Initial GC threshold: 20.80 MB
Current GC threshold: 142.58 MB
CDS: off

CodeHeap 'non-profiled nmethods': size=120064Kb used=6174Kb max_used=6174Kb free=113889Kb
 bounds [0x000001f363a80000, 0x000001f364090000, 0x000001f36afc0000]
CodeHeap 'profiled nmethods': size=120000Kb used=39459Kb max_used=39459Kb free=80540Kb
 bounds [0x000001f35c550000, 0x000001f35ebe0000, 0x000001f363a80000]
CodeHeap 'non-nmethods': size=5696Kb used=1401Kb max_used=1446Kb free=4295Kb
 bounds [0x000001f35bfc0000, 0x000001f35c230000, 0x000001f35c550000]
 total_blobs=14429 nmethods=13728 adapters=609
 compilation: enabled
              stopped_count=0, restarted_count=0
 full_count=0

Compilation events (20 events):
Event: 18.822 Thread 0x000001f372032000 nmethod 13839 0x000001f35ebb5010 code [0x000001f35ebb51e0, 0x000001f35ebb53e8]
Event: 18.823 Thread 0x000001f372032000 13840       3       gnu.trove.THash::compactIfNecessary (25 bytes)
Event: 18.824 Thread 0x000001f372032000 nmethod 13840 0x000001f35ebb5490 code [0x000001f35ebb5660, 0x000001f35ebb5958]
Event: 18.824 Thread 0x000001f372032000 13841       3       gnu.trove.TObjectHash::removeAt (15 bytes)
Event: 18.824 Thread 0x000001f372032000 nmethod 13841 0x000001f35ebb5a10 code [0x000001f35ebb5c00, 0x000001f35ebb6168]
Event: 18.824 Thread 0x000001f372032000 13842       3       gnu.trove.THash::removeAt (25 bytes)
Event: 18.825 Thread 0x000001f372032000 nmethod 13842 0x000001f35ebb6310 code [0x000001f35ebb64e0, 0x000001f35ebb6838]
Event: 18.825 Thread 0x000001f372032000 13843       3       org.jetbrains.kotlin.codegen.optimization.nullCheck.NullabilityInterpreter::merge (16 bytes)
Event: 18.825 Thread 0x000001f372032000 nmethod 13843 0x000001f35ebb6910 code [0x000001f35ebb6ae0, 0x000001f35ebb6de8]
Event: 18.825 Thread 0x000001f372032000 13845       3       org.jetbrains.org.objectweb.asm.tree.analysis.Frame::merge (96 bytes)
Event: 18.825 Thread 0x000001f372032000 nmethod 13845 0x000001f35ebb6f10 code [0x000001f35ebb7140, 0x000001f35ebb7868]
Event: 18.825 Thread 0x000001f372032000 13844       3       org.jetbrains.kotlin.codegen.optimization.nullCheck.NullabilityInterpreter::merge (188 bytes)
Event: 18.828 Thread 0x000001f372032000 nmethod 13844 0x000001f35ebb7b90 code [0x000001f35ebb7fc0, 0x000001f35ebba818]
Event: 18.834 Thread 0x000001f372032000 13846       3       org.jetbrains.org.objectweb.asm.Frame::getConcreteOutputType (113 bytes)
Event: 18.834 Thread 0x000001f372032000 nmethod 13846 0x000001f35ebbaf10 code [0x000001f35ebbb0e0, 0x000001f35ebbb478]
Event: 18.842 Thread 0x000001f372032000 13847       3       org.jetbrains.kotlin.resolve.jvm.jvmSignature.JvmMethodSignature::getValueParameters (13 bytes)
Event: 18.842 Thread 0x000001f372032000 nmethod 13847 0x000001f35ebbb590 code [0x000001f35ebbb740, 0x000001f35ebbb8c8]
Event: 18.842 Thread 0x000001f372032000 13848       3       org.jetbrains.kotlin.util.capitalizeDecapitalize.CapitalizeDecapitalizeKt::capitalizeAsciiOnly (98 bytes)
Event: 18.844 Thread 0x000001f372032000 nmethod 13848 0x000001f35ebbb990 code [0x000001f35ebbbd20, 0x000001f35ebbd1c8]
Event: 18.844 Thread 0x000001f372032000 13851       3       org.jetbrains.kotlin.codegen.optimization.temporaryVals.TemporaryValsAnalyzer::analyze (1259 bytes)

GC Heap History (20 events):
Event: 1.626 GC heap before
{Heap before GC invocations=1 (full 0):
 garbage-first heap   total 131072K, used 50297K [0x0000000081600000, 0x0000000100000000)
  region size 1024K, 47 young (48128K), 2 survivors (2048K)
 Metaspace       used 20870K, capacity 21109K, committed 21296K, reserved 1069056K
  class space    used 2217K, capacity 2319K, committed 2432K, reserved 1048576K
}
Event: 1.643 GC heap after
{Heap after GC invocations=2 (full 0):
 garbage-first heap   total 131072K, used 9164K [0x0000000081600000, 0x0000000100000000)
  region size 1024K, 6 young (6144K), 6 survivors (6144K)
 Metaspace       used 20870K, capacity 21109K, committed 21296K, reserved 1069056K
  class space    used 2217K, capacity 2319K, committed 2432K, reserved 1048576K
}
Event: 2.896 GC heap before
{Heap before GC invocations=3 (full 0):
 garbage-first heap   total 131072K, used 61388K [0x0000000081600000, 0x0000000100000000)
  region size 1024K, 52 young (53248K), 6 survivors (6144K)
 Metaspace       used 31844K, capacity 32269K, committed 32432K, reserved 1077248K
  class space    used 3844K, capacity 4009K, committed 4096K, reserved 1048576K
}
Event: 2.926 GC heap after
{Heap after GC invocations=4 (full 0):
 garbage-first heap   total 131072K, used 21404K [0x0000000081600000, 0x0000000100000000)
  region size 1024K, 7 young (7168K), 7 survivors (7168K)
 Metaspace       used 31844K, capacity 32269K, committed 32432K, reserved 1077248K
  class space    used 3844K, capacity 4009K, committed 4096K, reserved 1048576K
}
Event: 3.276 GC heap before
{Heap before GC invocations=4 (full 0):
 garbage-first heap   total 131072K, used 33692K [0x0000000081600000, 0x0000000100000000)
  region size 1024K, 20 young (20480K), 7 survivors (7168K)
 Metaspace       used 35336K, capacity 35767K, committed 35888K, reserved 1081344K
  class space    used 4456K, capacity 4620K, committed 4736K, reserved 1048576K
}
Event: 3.292 GC heap after
{Heap after GC invocations=5 (full 0):
 garbage-first heap   total 131072K, used 22381K [0x0000000081600000, 0x0000000100000000)
  region size 1024K, 2 young (2048K), 2 survivors (2048K)
 Metaspace       used 35336K, capacity 35767K, committed 35888K, reserved 1081344K
  class space    used 4456K, capacity 4620K, committed 4736K, reserved 1048576K
}
Event: 4.599 GC heap before
{Heap before GC invocations=6 (full 0):
 garbage-first heap   total 131072K, used 74605K [0x0000000081600000, 0x0000000100000000)
  region size 1024K, 53 young (54272K), 2 survivors (2048K)
 Metaspace       used 46169K, capacity 46742K, committed 46896K, reserved 1091584K
  class space    used 5532K, capacity 5755K, committed 5760K, reserved 1048576K
}
Event: 4.618 GC heap after
{Heap after GC invocations=7 (full 0):
 garbage-first heap   total 159744K, used 24684K [0x0000000081600000, 0x0000000100000000)
  region size 1024K, 6 young (6144K), 6 survivors (6144K)
 Metaspace       used 46169K, capacity 46742K, committed 46896K, reserved 1091584K
  class space    used 5532K, capacity 5755K, committed 5760K, reserved 1048576K
}
Event: 6.482 GC heap before
{Heap before GC invocations=8 (full 0):
 garbage-first heap   total 159744K, used 104556K [0x0000000081600000, 0x0000000100000000)
  region size 1024K, 81 young (82944K), 6 survivors (6144K)
 Metaspace       used 56067K, capacity 56694K, committed 56880K, reserved 1099776K
  class space    used 6660K, capacity 6950K, committed 7040K, reserved 1048576K
}
Event: 6.510 GC heap after
{Heap after GC invocations=9 (full 0):
 garbage-first heap   total 159744K, used 33214K [0x0000000081600000, 0x0000000100000000)
  region size 1024K, 11 young (11264K), 11 survivors (11264K)
 Metaspace       used 56067K, capacity 56694K, committed 56880K, reserved 1099776K
  class space    used 6660K, capacity 6950K, committed 7040K, reserved 1048576K
}
Event: 8.547 GC heap before
{Heap before GC invocations=9 (full 0):
 garbage-first heap   total 159744K, used 110014K [0x0000000081600000, 0x0000000100000000)
  region size 1024K, 86 young (88064K), 11 survivors (11264K)
 Metaspace       used 60539K, capacity 61317K, committed 61616K, reserved 1103872K
  class space    used 7044K, capacity 7378K, committed 7424K, reserved 1048576K
}
Event: 8.597 GC heap after
{Heap after GC invocations=10 (full 0):
 garbage-first heap   total 159744K, used 45195K [0x0000000081600000, 0x0000000100000000)
  region size 1024K, 11 young (11264K), 11 survivors (11264K)
 Metaspace       used 60539K, capacity 61317K, committed 61616K, reserved 1103872K
  class space    used 7044K, capacity 7378K, committed 7424K, reserved 1048576K
}
Event: 12.158 GC heap before
{Heap before GC invocations=10 (full 0):
 garbage-first heap   total 159744K, used 113803K [0x0000000081600000, 0x0000000100000000)
  region size 1024K, 78 young (79872K), 11 survivors (11264K)
 Metaspace       used 66986K, capacity 67840K, committed 68144K, reserved 1110016K
  class space    used 7614K, capacity 7951K, committed 8064K, reserved 1048576K
}
Event: 12.201 GC heap after
{Heap after GC invocations=11 (full 0):
 garbage-first heap   total 159744K, used 55424K [0x0000000081600000, 0x0000000100000000)
  region size 1024K, 10 young (10240K), 10 survivors (10240K)
 Metaspace       used 66986K, capacity 67840K, committed 68144K, reserved 1110016K
  class space    used 7614K, capacity 7951K, committed 8064K, reserved 1048576K
}
Event: 14.589 GC heap before
{Heap before GC invocations=11 (full 0):
 garbage-first heap   total 159744K, used 117888K [0x0000000081600000, 0x0000000100000000)
  region size 1024K, 71 young (72704K), 10 survivors (10240K)
 Metaspace       used 74541K, capacity 75518K, committed 75696K, reserved 1116160K
  class space    used 8290K, capacity 8660K, committed 8704K, reserved 1048576K
}
Event: 14.633 GC heap after
{Heap after GC invocations=12 (full 0):
 garbage-first heap   total 204800K, used 61952K [0x0000000081600000, 0x0000000100000000)
  region size 1024K, 6 young (6144K), 6 survivors (6144K)
 Metaspace       used 74541K, capacity 75518K, committed 75696K, reserved 1116160K
  class space    used 8290K, capacity 8660K, committed 8704K, reserved 1048576K
}
Event: 15.578 GC heap before
{Heap before GC invocations=12 (full 0):
 garbage-first heap   total 204800K, used 91648K [0x0000000081600000, 0x0000000100000000)
  region size 1024K, 36 young (36864K), 6 survivors (6144K)
 Metaspace       used 77766K, capacity 78660K, committed 78800K, reserved 1120256K
  class space    used 8610K, capacity 8982K, committed 9088K, reserved 1048576K
}
Event: 15.628 GC heap after
{Heap after GC invocations=13 (full 0):
 garbage-first heap   total 204800K, used 64979K [0x0000000081600000, 0x0000000100000000)
  region size 1024K, 9 young (9216K), 9 survivors (9216K)
 Metaspace       used 77766K, capacity 78660K, committed 78800K, reserved 1120256K
  class space    used 8610K, capacity 8982K, committed 9088K, reserved 1048576K
}
Event: 17.617 GC heap before
{Heap before GC invocations=14 (full 0):
 garbage-first heap   total 204800K, used 138707K [0x0000000081600000, 0x0000000100000000)
  region size 1024K, 81 young (82944K), 9 survivors (9216K)
 Metaspace       used 84574K, capacity 85495K, committed 85680K, reserved 1126400K
  class space    used 9287K, capacity 9660K, committed 9728K, reserved 1048576K
}
Event: 17.646 GC heap after
{Heap after GC invocations=15 (full 0):
 garbage-first heap   total 204800K, used 70249K [0x0000000081600000, 0x0000000100000000)
  region size 1024K, 9 young (9216K), 9 survivors (9216K)
 Metaspace       used 84574K, capacity 85495K, committed 85680K, reserved 1126400K
  class space    used 9287K, capacity 9660K, committed 9728K, reserved 1048576K
}

Deoptimization events (20 events):
Event: 18.821 Thread 0x000001f3584ab000 Uncommon trap: trap_request=0xffffffde fr.pc=0x000001f363bed1b8 relative=0x00000000000005f8
Event: 18.821 Thread 0x000001f3584ab000 Uncommon trap: reason=class_check action=maybe_recompile pc=0x000001f363bed1b8 method=java.lang.AbstractStringBuilder.append(Ljava/lang/CharSequence;)Ljava/lang/AbstractStringBuilder; @ 10 c2
Event: 18.821 Thread 0x000001f3584ab000 DEOPT PACKING pc=0x000001f363bed1b8 sp=0x0000005f3d4fb9b0
Event: 18.821 Thread 0x000001f3584ab000 DEOPT UNPACKING pc=0x000001f35c00a1af sp=0x0000005f3d4fb9a0 mode 2
Event: 18.832 Thread 0x000001f3584ab000 Uncommon trap: trap_request=0xffffffde fr.pc=0x000001f364077aa8 relative=0x0000000000000528
Event: 18.832 Thread 0x000001f3584ab000 Uncommon trap: reason=class_check action=maybe_recompile pc=0x000001f364077aa8 method=org.jetbrains.kotlin.codegen.optimization.common.FastMethodAnalyzer.mergeControlFlowEdge(ILorg/jetbrains/org/objectweb/asm/tree/analysis/Frame;)V @ 76 c2
Event: 18.832 Thread 0x000001f3584ab000 DEOPT PACKING pc=0x000001f364077aa8 sp=0x0000005f3d4fd540
Event: 18.832 Thread 0x000001f3584ab000 DEOPT UNPACKING pc=0x000001f35c00a1af sp=0x0000005f3d4fd4d0 mode 2
Event: 18.832 Thread 0x000001f3584ab000 Uncommon trap: trap_request=0xffffffde fr.pc=0x000001f364077aa8 relative=0x0000000000000528
Event: 18.832 Thread 0x000001f3584ab000 Uncommon trap: reason=class_check action=maybe_recompile pc=0x000001f364077aa8 method=org.jetbrains.kotlin.codegen.optimization.common.FastMethodAnalyzer.mergeControlFlowEdge(ILorg/jetbrains/org/objectweb/asm/tree/analysis/Frame;)V @ 76 c2
Event: 18.832 Thread 0x000001f3584ab000 DEOPT PACKING pc=0x000001f364077aa8 sp=0x0000005f3d4fd540
Event: 18.832 Thread 0x000001f3584ab000 DEOPT UNPACKING pc=0x000001f35c00a1af sp=0x0000005f3d4fd4d0 mode 2
Event: 18.834 Thread 0x000001f3584ab000 Uncommon trap: trap_request=0xffffff6e fr.pc=0x000001f36408025c relative=0x00000000000008fc
Event: 18.834 Thread 0x000001f3584ab000 Uncommon trap: reason=speculate_class_check action=maybe_recompile pc=0x000001f36408025c method=org.jetbrains.kotlin.ir.util.IrUtilsKt.getParentAsClass(Lorg/jetbrains/kotlin/ir/declarations/IrDeclaration;)Lorg/jetbrains/kotlin/ir/declarations/IrClass; @ 7
Event: 18.834 Thread 0x000001f3584ab000 DEOPT PACKING pc=0x000001f36408025c sp=0x0000005f3d4fd260
Event: 18.834 Thread 0x000001f3584ab000 DEOPT UNPACKING pc=0x000001f35c00a1af sp=0x0000005f3d4fd1b8 mode 2
Event: 18.844 Thread 0x000001f3584ab000 Uncommon trap: trap_request=0xffffff4d fr.pc=0x000001f364084450 relative=0x0000000000001a50
Event: 18.844 Thread 0x000001f3584ab000 Uncommon trap: reason=unstable_if action=reinterpret pc=0x000001f364084450 method=org.jetbrains.org.objectweb.asm.tree.analysis.Frame.execute(Lorg/jetbrains/org/objectweb/asm/tree/AbstractInsnNode;Lorg/jetbrains/org/objectweb/asm/tree/analysis/Interpreter
Event: 18.844 Thread 0x000001f3584ab000 DEOPT PACKING pc=0x000001f364084450 sp=0x0000005f3d4fd310
Event: 18.844 Thread 0x000001f3584ab000 DEOPT UNPACKING pc=0x000001f35c00a1af sp=0x0000005f3d4fd2b0 mode 2

Classes redefined (0 events):
No events

Internal exceptions (20 events):
Event: 7.578 Thread 0x000001f3584ab000 Exception <a 'java/lang/NoSuchMethodError'{0x00000000894584a0}: 'int java.lang.invoke.DirectMethodHandle$Holder.invokeStaticInit(java.lang.Object, int)'> (0x00000000894584a0) thrown at [./src/hotspot/share/interpreter/linkResolver.cpp, line 773]
Event: 8.164 Thread 0x000001f3584ab000 Exception <a 'java/lang/NoSuchMethodError'{0x0000000087898080}: 'java.lang.Object java.lang.invoke.DirectMethodHandle$Holder.invokeStatic(java.lang.Object, int, java.lang.Object, java.lang.Object)'> (0x0000000087898080) thrown at [./src/hotspot/share/interpreter/linkResolver.cpp, line 773]
Event: 8.367 Thread 0x000001f3584ab000 Exception <a 'java/lang/NoSuchMethodError'{0x0000000086aad428}: 'java.lang.Object java.lang.invoke.Invokers$Holder.linkToTargetMethod(java.lang.Object, java.lang.Object, java.lang.Object, int, int, java.lang.Object)'> (0x0000000086aad428) thrown at [./src/hotspot/share/interpreter/linkResolver.cpp, line 773]
Event: 8.610 Thread 0x000001f3584ab000 Exception <a 'java/lang/NoSuchMethodError'{0x000000008b15d480}: 'java.lang.Object java.lang.invoke.Invokers$Holder.linkToTargetMethod(java.lang.Object, java.lang.Object, java.lang.Object, java.lang.Object, java.lang.Object, java.lang.Object, java.lang.Object)'> (0x000000008b15d480) thrown at [./src/hotspot/share/interpreter/linkResolver.cpp, line 773]
Event: 8.619 Thread 0x000001f3584ab000 Implicit null exception at 0x000001f363adffde to 0x000001f363ae074a
Event: 8.619 Thread 0x000001f3584ab000 Implicit null exception at 0x000001f363b0632f to 0x000001f363b0639d
Event: 8.632 Thread 0x000001f3584ab000 Exception <a 'java/lang/NoSuchMethodError'{0x000000008b1d6f30}: 'java.lang.Object java.lang.invoke.DirectMethodHandle$Holder.invokeInterface(java.lang.Object, java.lang.Object, java.lang.Object)'> (0x000000008b1d6f30) thrown at [./src/hotspot/share/interpreter/linkResolver.cpp, line 773]
Event: 8.632 Thread 0x000001f3584ab000 Exception <a 'java/lang/IncompatibleClassChangeError'{0x000000008b1da6b0}: Found class java.lang.Object, but interface was expected> (0x000000008b1da6b0) thrown at [./src/hotspot/share/interpreter/linkResolver.cpp, line 839]
Event: 9.046 Thread 0x000001f3584ab000 Implicit null exception at 0x000001f363a9acf7 to 0x000001f363a9b1f4
Event: 9.066 Thread 0x000001f3584ab000 Implicit null exception at 0x000001f363a9ddf4 to 0x000001f363a9e308
Event: 11.263 Thread 0x000001f3584ab000 Exception <a 'java/lang/NoSuchMethodError'{0x00000000886dc640}: 'int java.lang.invoke.DirectMethodHandle$Holder.invokeVirtual(java.lang.Object, java.lang.Object, java.lang.Object)'> (0x00000000886dc640) thrown at [./src/hotspot/share/interpreter/linkResolver.cpp, line 773]
Event: 11.373 Thread 0x000001f3584ab000 Exception <a 'java/lang/NoSuchMethodError'{0x00000000883a8490}: 'void java.lang.invoke.DirectMethodHandle$Holder.invokeInterface(java.lang.Object, java.lang.Object)'> (0x00000000883a8490) thrown at [./src/hotspot/share/interpreter/linkResolver.cpp, line 773]
Event: 11.460 Thread 0x000001f3584ab000 Exception <a 'java/lang/IncompatibleClassChangeError'{0x0000000088154530}: Found class java.lang.Object, but interface was expected> (0x0000000088154530) thrown at [./src/hotspot/share/interpreter/linkResolver.cpp, line 839]
Event: 12.049 Thread 0x000001f3584ab000 Implicit null exception at 0x000001f363dd50f9 to 0x000001f363dd53dc
Event: 12.602 Thread 0x000001f3584ab000 Implicit null exception at 0x000001f363ad8cf5 to 0x000001f363ad8ebc
Event: 13.242 Thread 0x000001f3584ab000 Exception <a 'java/lang/NoSuchMethodError'{0x00000000899a8bc8}: 'java.lang.Object java.lang.invoke.DirectMethodHandle$Holder.invokeStaticInit(java.lang.Object, java.lang.Object, java.lang.Object, java.lang.Object)'> (0x00000000899a8bc8) thrown at [./src/hotspot/share/interpreter/linkResolver.cpp, line 773]
Event: 13.499 Thread 0x000001f3584ab000 Exception <a 'java/lang/NoSuchMethodError'{0x0000000088f850d8}: 'int java.lang.invoke.DirectMethodHandle$Holder.invokeStaticInit(java.lang.Object, java.lang.Object, java.lang.Object, java.lang.Object)'> (0x0000000088f850d8) thrown at [./src/hotspot/share/interpreter/linkResolver.cpp, line 773]
Event: 13.856 Thread 0x000001f3584ab000 Implicit null exception at 0x000001f363ae7474 to 0x000001f363ae768c
Event: 16.035 Thread 0x000001f3584ab000 Implicit null exception at 0x000001f363f7dfef to 0x000001f363f7e368
Event: 18.443 Thread 0x000001f3584ab000 Implicit null exception at 0x000001f364067917 to 0x000001f364067a84

Events (20 events):
Event: 18.831 loading class org/jetbrains/kotlin/codegen/optimization/boxing/BoxedValueDescriptor
Event: 18.831 loading class org/jetbrains/kotlin/codegen/optimization/boxing/BoxedValueDescriptor done
Event: 18.831 loading class org/jetbrains/kotlin/codegen/optimization/boxing/BoxedBasicValueKt
Event: 18.831 loading class org/jetbrains/kotlin/codegen/optimization/boxing/BoxedBasicValueKt done
Event: 18.835 loading class org/jetbrains/kotlin/backend/jvm/codegen/SwitchGenerator$ValueToLabel
Event: 18.835 loading class org/jetbrains/kotlin/backend/jvm/codegen/SwitchGenerator$ValueToLabel done
Event: 18.835 loading class org/jetbrains/kotlin/backend/jvm/codegen/SwitchGenerator$ExpressionToLabel
Event: 18.835 loading class org/jetbrains/kotlin/backend/jvm/codegen/SwitchGenerator$ExpressionToLabel done
Event: 18.836 loading class org/jetbrains/kotlin/backend/jvm/codegen/SwitchGenerator$IntSwitch
Event: 18.836 loading class org/jetbrains/kotlin/backend/jvm/codegen/SwitchGenerator$IntSwitch done
Event: 18.836 loading class org/jetbrains/kotlin/backend/jvm/codegen/SwitchGenerator$Switch
Event: 18.836 loading class org/jetbrains/kotlin/backend/jvm/codegen/SwitchGenerator$Switch done
Event: 18.838 loading class org/jetbrains/kotlin/backend/jvm/codegen/SwitchGenerator$IntSwitch$genSwitch$1
Event: 18.838 loading class org/jetbrains/kotlin/backend/jvm/codegen/SwitchGenerator$IntSwitch$genSwitch$1 done
Event: 18.838 loading class org/jetbrains/kotlin/backend/jvm/codegen/SwitchGenerator$Switch$genIntSwitch$$inlined$sortedBy$1
Event: 18.838 loading class org/jetbrains/kotlin/backend/jvm/codegen/SwitchGenerator$Switch$genIntSwitch$$inlined$sortedBy$1 done
Event: 18.839 loading class org/jetbrains/kotlin/codegen/when/SwitchCodegen
Event: 18.839 loading class org/jetbrains/kotlin/codegen/when/SwitchCodegen done
Event: 18.840 loading class org/jetbrains/kotlin/codegen/when/SwitchCodegen$Companion
Event: 18.840 loading class org/jetbrains/kotlin/codegen/when/SwitchCodegen$Companion done


Dynamic libraries:
0x00007ff600ea0000 - 0x00007ff600eaa000 	D:\Program Files\Android\Android Studio\jre\bin\java.exe
0x00007ff92d170000 - 0x00007ff92d365000 	C:\Windows\SYSTEM32\ntdll.dll
0x00007ff92c880000 - 0x00007ff92c93e000 	C:\Windows\System32\KERNEL32.DLL
0x00007ff92ac10000 - 0x00007ff92aed8000 	C:\Windows\System32\KERNELBASE.dll
0x00007ff92a9b0000 - 0x00007ff92aab0000 	C:\Windows\System32\ucrtbase.dll
0x00007ff9229d0000 - 0x00007ff9229e9000 	D:\Program Files\Android\Android Studio\jre\bin\jli.dll
0x00007ff9229f0000 - 0x00007ff922a07000 	D:\Program Files\Android\Android Studio\jre\bin\VCRUNTIME140.dll
0x00007ff92c950000 - 0x00007ff92caf1000 	C:\Windows\System32\USER32.dll
0x00007ff9192f0000 - 0x00007ff91958a000 	C:\Windows\WinSxS\amd64_microsoft.windows.common-controls_6595b64144ccf1df_6.0.19041.1110_none_60b5254171f9507e\COMCTL32.dll
0x00007ff92b040000 - 0x00007ff92b062000 	C:\Windows\System32\win32u.dll
0x00007ff92bc20000 - 0x00007ff92bcbe000 	C:\Windows\System32\msvcrt.dll
0x00007ff92bcf0000 - 0x00007ff92bd1b000 	C:\Windows\System32\GDI32.dll
0x00007ff92aee0000 - 0x00007ff92afeb000 	C:\Windows\System32\gdi32full.dll
0x00007ff92b120000 - 0x00007ff92b1bd000 	C:\Windows\System32\msvcp_win.dll
0x00007ff92bcc0000 - 0x00007ff92bcf0000 	C:\Windows\System32\IMM32.DLL
0x00007ff919f60000 - 0x00007ff919ffd000 	D:\Program Files\Android\Android Studio\jre\bin\msvcp140.dll
0x00007ff903a00000 - 0x00007ff9044e5000 	D:\Program Files\Android\Android Studio\jre\bin\server\jvm.dll
0x00007ff92b960000 - 0x00007ff92ba0c000 	C:\Windows\System32\ADVAPI32.dll
0x00007ff92b370000 - 0x00007ff92b40b000 	C:\Windows\System32\sechost.dll
0x00007ff92cb70000 - 0x00007ff92cc9a000 	C:\Windows\System32\RPCRT4.dll
0x00007ff92b360000 - 0x00007ff92b368000 	C:\Windows\System32\PSAPI.DLL
0x00007ff91a860000 - 0x00007ff91a86a000 	C:\Windows\SYSTEM32\VERSION.dll
0x00007ff927db0000 - 0x00007ff927db9000 	C:\Windows\SYSTEM32\WSOCK32.dll
0x00007ff914b10000 - 0x00007ff914b37000 	C:\Windows\SYSTEM32\WINMM.dll
0x00007ff92cb00000 - 0x00007ff92cb6b000 	C:\Windows\System32\WS2_32.dll
0x00007ff9284c0000 - 0x00007ff9284d2000 	C:\Windows\SYSTEM32\kernel.appcore.dll
0x00007ff919730000 - 0x00007ff919741000 	D:\Program Files\Android\Android Studio\jre\bin\verify.dll
0x00007ff915930000 - 0x00007ff915b14000 	C:\Windows\SYSTEM32\DBGHELP.DLL
0x00007ff9158c0000 - 0x00007ff9158ec000 	C:\Windows\SYSTEM32\dbgcore.DLL
0x00007ff92a8c0000 - 0x00007ff92a943000 	C:\Windows\System32\bcryptPrimitives.dll
0x00007ff918df0000 - 0x00007ff918e19000 	D:\Program Files\Android\Android Studio\jre\bin\java.dll
0x00007ff925af0000 - 0x00007ff925afb000 	D:\Program Files\Android\Android Studio\jre\bin\jimage.dll
0x00007ff918390000 - 0x00007ff9183a8000 	D:\Program Files\Android\Android Studio\jre\bin\zip.dll
0x00007ff92beb0000 - 0x00007ff92c5ef000 	C:\Windows\System32\SHELL32.dll
0x00007ff9286c0000 - 0x00007ff928e50000 	C:\Windows\SYSTEM32\windows.storage.dll
0x00007ff92ccc0000 - 0x00007ff92d015000 	C:\Windows\System32\combase.dll
0x00007ff92a2e0000 - 0x00007ff92a30e000 	C:\Windows\SYSTEM32\Wldp.dll
0x00007ff92bd80000 - 0x00007ff92be2d000 	C:\Windows\System32\SHCORE.dll
0x00007ff92d0d0000 - 0x00007ff92d125000 	C:\Windows\System32\shlwapi.dll
0x00007ff92a7d0000 - 0x00007ff92a7ef000 	C:\Windows\SYSTEM32\profapi.dll
0x00007ff9181c0000 - 0x00007ff9181da000 	D:\Program Files\Android\Android Studio\jre\bin\net.dll
0x00007ff9218c0000 - 0x00007ff9219cc000 	C:\Windows\SYSTEM32\WINHTTP.dll
0x00007ff92a040000 - 0x00007ff92a0aa000 	C:\Windows\system32\mswsock.dll
0x00007ff917de0000 - 0x00007ff917df4000 	D:\Program Files\Android\Android Studio\jre\bin\nio.dll

dbghelp: loaded successfully - version: 4.0.5 - missing functions: none
symbol engine: initialized successfully - sym options: 0x614 - pdb path: .;D:\Program Files\Android\Android Studio\jre\bin;C:\Windows\SYSTEM32;C:\Windows\WinSxS\amd64_microsoft.windows.common-controls_6595b64144ccf1df_6.0.19041.1110_none_60b5254171f9507e;D:\Program Files\Android\Android Studio\jre\bin\server

VM Arguments:
java_command: org.jetbrains.kotlin.cli.jvm.K2JVMCompiler @D:\Users\lovess\AndroidStudioProjects\NewsApppp 1.1\app\build\20220630_5887122284419561032.compiler.options
java_class_path (initial): C:\Users\lovess\.gradle\caches\modules-2\files-2.1\org.jetbrains.kotlin\kotlin-compiler-embeddable\1.6.21\97bdd5a752ce73b58ef16c17bc7f0ea2faff7a2e\kotlin-compiler-embeddable-1.6.21.jar;C:\Users\lovess\.gradle\caches\modules-2\files-2.1\org.jetbrains.kotlin\kotlin-reflect\1.6.21\5dc3574d9b7bebfcb4ec6b10ada4aaa9e140bd0b\kotlin-reflect-1.6.21.jar;C:\Users\lovess\.gradle\caches\modules-2\files-2.1\org.jetbrains.kotlin\kotlin-stdlib\1.6.21\11ef67f1900634fd951bad28c53ec957fabbe5b8\kotlin-stdlib-1.6.21.jar;C:\Users\lovess\.gradle\caches\modules-2\files-2.1\org.jetbrains.kotlin\kotlin-script-runtime\1.6.21\99c6675100da5d6d5b1c5a1032f27f28008d101b\kotlin-script-runtime-1.6.21.jar;C:\Users\lovess\.gradle\caches\modules-2\files-2.1\org.jetbrains.kotlin\kotlin-daemon-embeddable\1.6.21\46b78cf392e1c4f10854c3cadba44abb7b82250f\kotlin-daemon-embeddable-1.6.21.jar;C:\Users\lovess\.gradle\caches\modules-2\files-2.1\org.jetbrains.intellij.deps\trove4j\1.0.20200330\3afb14d5f9ceb459d724e907a21145e8ff394f02\trove4j-1.0.20200330.jar;C:\Users\lovess\.gradle\caches\modules-2\files-2.1\net.java.dev.jna\jna\5.6.0\330f2244e9030119ab3030fc3fededc86713d9cc\jna-5.6.0.jar;C:\Users\lovess\.gradle\caches\modules-2\files-2.1\org.jetbrains.kotlin\kotlin-stdlib-common\1.6.21\5e5b55c26dbc80372a920aef60eb774b714559b8\kotlin-stdlib-common-1.6.21.jar;C:\Users\lovess\.gradle\caches\modules-2\files-2.1\org.jetbrains\annotations\13.0\919f0dfe192fb4e063e7dacadee7f8bb9a2672a9\annotations-13.0.jar
Launcher Type: SUN_STANDARD

[Global flags]
     intx CICompilerCount                          = 3                                         {product} {ergonomic}
     uint ConcGCThreads                            = 1                                         {product} {ergonomic}
     uint G1ConcRefinementThreads                  = 4                                         {product} {ergonomic}
   size_t G1HeapRegionSize                         = 1048576                                   {product} {ergonomic}
    uintx GCDrainStackTargetSize                   = 64                                        {product} {ergonomic}
   size_t InitialHeapSize                          = 134217728                                 {product} {ergonomic}
   size_t MarkStackSize                            = 4194304                                   {product} {ergonomic}
   size_t MaxHeapSize                              = 2124414976                                {product} {ergonomic}
   size_t MaxNewSize                               = 1274019840                                {product} {ergonomic}
   size_t MinHeapDeltaBytes                        = 1048576                                   {product} {ergonomic}
    uintx NonNMethodCodeHeapSize                   = 5830732                                {pd product} {ergonomic}
    uintx NonProfiledCodeHeapSize                  = 122913754                              {pd product} {ergonomic}
    uintx ProfiledCodeHeapSize                     = 122913754                              {pd product} {ergonomic}
    uintx ReservedCodeCacheSize                    = 251658240                              {pd product} {ergonomic}
     bool SegmentedCodeCache                       = true                                      {product} {ergonomic}
     bool UseCompressedClassPointers               = true                                 {lp64_product} {ergonomic}
     bool UseCompressedOops                        = true                                 {lp64_product} {ergonomic}
     bool UseG1GC                                  = true                                      {product} {ergonomic}
     bool UseLargePagesIndividualAllocation        = false                                  {pd product} {ergonomic}

Logging:
Log output configuration:
 #0: stdout all=warning uptime,level,tags
 #1: stderr all=off uptime,level,tags

Environment Variables:
PATH=C:\Windows\system32;C:\Windows;C:\Windows\System32\Wbem;C:\Windows\System32\WindowsPowerShell\v1.0\;C:\Windows\System32\OpenSSH\;C:\Program Files\Git\cmd;C:\Windows\system32\wbem;C:\Program Files (x86)\IVT Corporation\BlueSoleil\Mobile;C:\Users\lovess\AppData\Local\Microsoft\WindowsApps;
USERNAME=lovess
OS=Windows_NT
PROCESSOR_IDENTIFIER=Intel64 Family 6 Model 69 Stepping 1, GenuineIntel



---------------  S Y S T E M  ---------------

OS: Windows 10 , 64 bit Build 19041 (10.0.19041.1348)
OS uptime: 0 days 1:08 hours

CPU:total 4 (initial active 4) (2 cores per cpu, 2 threads per core) family 6 model 69 stepping 1 microcode 0x25, cmov, cx8, fxsr, mmx, sse, sse2, sse3, ssse3, sse4.1, sse4.2, popcnt, avx, avx2, aes, clmul, erms, lzcnt, ht, tsc, tscinvbit, bmi1, bmi2, fma

Memory: 4k page, system-wide physical 8100M (996M free)
TotalPageFile size 10148M (AvailPageFile size 5M)
current process WorkingSet (physical memory assigned to process): 442M, peak: 442M
current process commit charge ("private bytes"): 472M, peak: 473M

vm_info: OpenJDK 64-Bit Server VM (11.0.12+7-b1504.28-7817840) for windows-amd64 JRE (11.0.12+7-b1504.28-7817840), built on Oct 13 2021 22:12:33 by "builder" with MS VC++ 14.0 (VS2015)

END.
